Log file open, 10/01/19 15:44:08
LogWindows: Failed to load 'aqProf.dll' (GetLastError=126)
LogWindows: File 'aqProf.dll' does not exist
LogWindows: Failed to load 'VtuneApi.dll' (GetLastError=126)
LogWindows: File 'VtuneApi.dll' does not exist
LogWindows: Failed to load 'VtuneApi32e.dll' (GetLastError=126)
LogWindows: File 'VtuneApi32e.dll' does not exist
LogConsoleResponse: Display: Failed to find resolution value strings in scalability ini. Falling back to default.
LogInit: Display: Running engine for game: CharsProject
LogPlatformFile: Not using cached read wrapper
LogTaskGraph: Started task graph with 5 named threads and 14 total threads with 3 sets of task threads.
LogStats: Stats thread started at 0.158865
LogD3D11RHI: Loaded GFSDK_Aftermath_Lib.x64.dll
LogICUInternationalization: ICU TimeZone Detection - Raw Offset: +0:00, Platform Override: ''
LogPluginManager: Mounting plugin Paper2D
LogPluginManager: Mounting plugin AISupport
LogPluginManager: Mounting plugin LightPropagationVolume
LogPluginManager: Mounting plugin ActorLayerUtilities
LogPluginManager: Mounting plugin AnimationSharing
LogPluginManager: Mounting plugin CLionSourceCodeAccess
LogPluginManager: Mounting plugin CodeLiteSourceCodeAccess
LogPluginManager: Mounting plugin GitSourceControl
LogPluginManager: Mounting plugin KDevelopSourceCodeAccess
LogPluginManager: Mounting plugin NullSourceCodeAccess
LogPluginManager: Mounting plugin PerforceSourceControl
LogPluginManager: Mounting plugin SubversionSourceControl
LogPluginManager: Mounting plugin UObjectPlugin
LogPluginManager: Mounting plugin VisualStudioCodeSourceCodeAccess
LogPluginManager: Mounting plugin VisualStudioSourceCodeAccess
LogPluginManager: Mounting plugin XCodeSourceCodeAccess
LogPluginManager: Mounting plugin AssetManagerEditor
LogPluginManager: Mounting plugin CryptoKeys
LogPluginManager: Mounting plugin CurveEditorTools
LogPluginManager: Mounting plugin DataValidation
LogPluginManager: Mounting plugin FacialAnimation
LogPluginManager: Mounting plugin GameplayTagsEditor
LogPluginManager: Mounting plugin MacGraphicsSwitching
LogPluginManager: Mounting plugin MaterialAnalyzer
LogPluginManager: Mounting plugin MobileLauncherProfileWizard
LogPluginManager: Mounting plugin PluginBrowser
LogPluginManager: Mounting plugin SpeedTreeImporter
LogPluginManager: Mounting plugin DatasmithContent
LogPluginManager: Mounting plugin VariantManagerContent
LogPluginManager: Mounting plugin AlembicImporter
LogPluginManager: Mounting plugin AutomationUtils
LogPluginManager: Mounting plugin BackChannel
LogPluginManager: Mounting plugin CharacterAI
LogPluginManager: Mounting plugin GeometryCache
LogPluginManager: Mounting plugin HTML5Networking
LogPluginManager: Mounting plugin PlatformCrypto
LogPluginManager: Mounting plugin ProxyLODPlugin
LogPluginManager: Mounting plugin SkeletalReduction
LogPluginManager: Mounting plugin MagicLeap
LogPluginManager: Mounting plugin MagicLeapMedia
LogPluginManager: Mounting plugin AndroidMedia
LogPluginManager: Mounting plugin AvfMedia
LogPluginManager: Mounting plugin ImgMedia
LogPluginManager: Mounting plugin MediaCompositing
LogPluginManager: Mounting plugin MediaPlayerEditor
LogPluginManager: Mounting plugin WebMMedia
LogPluginManager: Mounting plugin WmfMedia
LogPluginManager: Mounting plugin TcpMessaging
LogPluginManager: Mounting plugin UdpMessaging
LogPluginManager: Mounting plugin ActorSequence
LogPluginManager: Mounting plugin LevelSequenceEditor
LogPluginManager: Mounting plugin MatineeToLevelSequence
LogPluginManager: Mounting plugin NetcodeUnitTest
LogPluginManager: Mounting plugin NUTUnrealEngine4
LogPluginManager: Mounting plugin OnlineSubsystemGooglePlay
LogPluginManager: Mounting plugin OnlineSubsystemIOS
LogPluginManager: Mounting plugin OnlineSubsystem
LogPluginManager: Mounting plugin OnlineSubsystemNull
LogPluginManager: Mounting plugin OnlineSubsystemUtils
LogPluginManager: Mounting plugin LauncherChunkInstaller
LogPluginManager: Mounting plugin AndroidDeviceProfileSelector
LogPluginManager: Mounting plugin AndroidMoviePlayer
LogPluginManager: Mounting plugin AndroidPermission
LogPluginManager: Mounting plugin AppleImageUtils
LogPluginManager: Mounting plugin AppleMoviePlayer
LogPluginManager: Mounting plugin ArchVisCharacter
LogPluginManager: Mounting plugin AudioCapture
LogPluginManager: Mounting plugin CableComponent
LogPluginManager: Mounting plugin CustomMeshComponent
LogPluginManager: Mounting plugin EditableMesh
LogPluginManager: Mounting plugin ExampleDeviceProfileSelector
LogPluginManager: Mounting plugin GoogleCloudMessaging
LogPluginManager: Mounting plugin IOSDeviceProfileSelector
LogPluginManager: Mounting plugin LinuxDeviceProfileSelector
LogPluginManager: Mounting plugin LocationServicesBPLibrary
LogPluginManager: Mounting plugin MobilePatchingUtils
LogPluginManager: Mounting plugin OculusVR
LogPluginManager: Mounting plugin PhysXVehicles
LogPluginManager: Mounting plugin ProceduralMeshComponent
LogPluginManager: Mounting plugin RuntimePhysXCooking
LogPluginManager: Mounting plugin SignificanceManager
LogPluginManager: Mounting plugin SteamVR
LogPluginManager: Mounting plugin WebMMoviePlayer
LogPluginManager: Mounting plugin WindowsMoviePlayer
LogPluginManager: Mounting plugin ScreenshotTools
LogInit: Using libcurl 7.55.1-DEV
LogInit:  - built for x86_64-pc-win32
LogInit:  - supports SSL with OpenSSL/1.1.1
LogInit:  - supports HTTP deflate (compression) using libz 1.2.8
LogInit:  - other features:
LogInit:      CURL_VERSION_SSL
LogInit:      CURL_VERSION_LIBZ
LogInit:      CURL_VERSION_IPV6
LogInit:      CURL_VERSION_ASYNCHDNS
LogInit:      CURL_VERSION_LARGEFILE
LogInit:      CURL_VERSION_IDN
LogInit:  CurlRequestOptions (configurable via config and command line):
LogInit:  - bVerifyPeer = true  - Libcurl will verify peer certificate
LogInit:  - bUseHttpProxy = false  - Libcurl will NOT use HTTP proxy
LogInit:  - bDontReuseConnections = false  - Libcurl will reuse connections
LogInit:  - MaxHostConnections = 16  - Libcurl will limit the number of connections to a host
LogInit:  - LocalHostAddr = Default
LogInit:  - BufferSize = 65536
LogOnline: OSS: Creating online subsystem instance for: NULL
LogInit: WinSock: version 1.1 (2.2), MaxSocks=32767, MaxUdp=65467
LogInit: Build: ++UE4+Release-4.23-CL-8386587
LogInit: Engine Version: 4.23.0-8386587+++UE4+Release-4.23
LogInit: Compatible Engine Version: 4.23.0-8386587+++UE4+Release-4.23
LogInit: Net CL: 8386587
LogInit: OS: Windows 10 (Release 1809) (), CPU: Intel(R) Core(TM) i5-6400 CPU @ 2.70GHz, GPU: NVIDIA GeForce GTX 1060 3GB
LogInit: Compiled (64-bit): Aug 31 2019 02:04:44
LogInit: Compiled with Visual C++: 19.16.27030.01
LogInit: Build Configuration: Development
LogInit: Branch Name: ++UE4+Release-4.23
LogInit: Command Line: 
LogInit: Base Directory: D:/Epic Games/UE_4.23/Engine/Binaries/Win64/
LogInit: Installed Engine Build: 1
LogDevObjectVersion: Number of dev versions registered: 23
LogDevObjectVersion:   Dev-Blueprints (B0D832E4-1F89-4F0D-ACCF-7EB736FD4AA2): 10
LogDevObjectVersion:   Dev-Build (E1C64328-A22C-4D53-A36C-8E866417BD8C): 0
LogDevObjectVersion:   Dev-Core (375EC13C-06E4-48FB-B500-84F0262A717E): 3
LogDevObjectVersion:   Dev-Editor (E4B068ED-F494-42E9-A231-DA0B2E46BB41): 34
LogDevObjectVersion:   Dev-Framework (CFFC743F-43B0-4480-9391-14DF171D2073): 35
LogDevObjectVersion:   Dev-Mobile (B02B49B5-BB20-44E9-A304-32B752E40360): 2
LogDevObjectVersion:   Dev-Networking (A4E4105C-59A1-49B5-A7C5-40C4547EDFEE): 0
LogDevObjectVersion:   Dev-Online (39C831C9-5AE6-47DC-9A44-9C173E1C8E7C): 0
LogDevObjectVersion:   Dev-Physics (78F01B33-EBEA-4F98-B9B4-84EACCB95AA2): 0
LogDevObjectVersion:   Dev-Platform (6631380F-2D4D-43E0-8009-CF276956A95A): 0
LogDevObjectVersion:   Dev-Rendering (12F88B9F-8875-4AFC-A67C-D90C383ABD29): 31
LogDevObjectVersion:   Dev-Sequencer (7B5AE74C-D270-4C10-A958-57980B212A5A): 11
LogDevObjectVersion:   Dev-VR (D7296918-1DD6-4BDD-9DE2-64A83CC13884): 2
LogDevObjectVersion:   Dev-LoadTimes (C2A15278-BFE7-4AFE-6C17-90FF531DF755): 1
LogDevObjectVersion:   Private-Geometry (6EACA3D4-40EC-4CC1-B786-8BED09428FC5): 3
LogDevObjectVersion:   Dev-AnimPhys (29E575DD-E0A3-4627-9D10-D276232CDCEA): 17
LogDevObjectVersion:   Dev-Anim (AF43A65D-7FD3-4947-9873-3E8ED9C1BB05): 2
LogDevObjectVersion:   Dev-ReflectionCapture (6B266CEC-1EC7-4B8F-A30B-E4D90942FC07): 1
LogDevObjectVersion:   Dev-Automation (0DF73D61-A23F-47EA-B727-89E90C41499A): 1
LogDevObjectVersion:   FortniteMain (601D1886-AC64-4F84-AA16-D3DE0DEAC7D6): 27
LogDevObjectVersion:   Dev-Enterprise (9DFFBCD6-494F-0158-E221-12823C92A888): 6
LogDevObjectVersion:   Dev-Niagara (F2AED0AC-9AFE-416F-8664-AA7FFA26D6FC): 1
LogDevObjectVersion:   Dev-Destruction (174F1F0B-B4C6-45A5-B13F-2EE8D0FB917D): 9
LogInit: Presizing for max 16777216 objects, including 0 objects not considered by GC, pre-allocating 0 bytes for permanent pool.
LogInit: Object subsystem initialized
LogConfig: Setting CVar [[con.DebugEarlyDefault:1]]
LogConfig: Setting CVar [[r.setres:1280x720]]
[2019.10.01-14.44.10:323][  0]LogConfig: Setting CVar [[r.VSync:0]]
[2019.10.01-14.44.10:323][  0]LogConfig: Setting CVar [[r.RHICmdBypass:0]]
[2019.10.01-14.44.10:323][  0]LogConfig: Applying CVar settings from Section [/Script/Engine.RendererSettings] File [C:/Users/Owner/Documents/GitHub/2D-Side-Scroller/gamefile/CharsProject/Saved/Config/Windows/Engine.ini]
[2019.10.01-14.44.10:323][  0]LogConfig: Setting CVar [[r.GPUCrashDebugging:0]]
[2019.10.01-14.44.10:323][  0]LogConfig: Setting CVar [[r.MobileHDR:1]]
[2019.10.01-14.44.10:323][  0]LogConfig: Setting CVar [[r.Mobile.DisableVertexFog:1]]
[2019.10.01-14.44.10:324][  0]LogConfig: Setting CVar [[r.Shadow.CSM.MaxMobileCascades:2]]
[2019.10.01-14.44.10:324][  0]LogConfig: Setting CVar [[r.MobileMSAA:1]]
[2019.10.01-14.44.10:324][  0]LogConfig: Setting CVar [[r.Mobile.UseLegacyShadingModel:0]]
[2019.10.01-14.44.10:324][  0]LogConfig: Setting CVar [[r.Mobile.UseHWsRGBEncoding:0]]
[2019.10.01-14.44.10:324][  0]LogConfig: Setting CVar [[r.Mobile.AllowDitheredLODTransition:0]]
[2019.10.01-14.44.10:324][  0]LogConfig: Setting CVar [[r.Mobile.AllowSoftwareOcclusion:0]]
[2019.10.01-14.44.10:324][  0]LogConfig: Setting CVar [[r.DiscardUnusedQuality:0]]
[2019.10.01-14.44.10:324][  0]LogConfig: Setting CVar [[r.AllowOcclusionQueries:1]]
[2019.10.01-14.44.10:324][  0]LogConfig: Setting CVar [[r.MinScreenRadiusForLights:0.030000]]
[2019.10.01-14.44.10:324][  0]LogConfig: Setting CVar [[r.MinScreenRadiusForDepthPrepass:0.030000]]
[2019.10.01-14.44.10:324][  0]LogConfig: Setting CVar [[r.MinScreenRadiusForCSMDepth:0.010000]]
[2019.10.01-14.44.10:324][  0]LogConfig: Setting CVar [[r.PrecomputedVisibilityWarning:0]]
[2019.10.01-14.44.10:324][  0]LogConfig: Setting CVar [[r.TextureStreaming:1]]
[2019.10.01-14.44.10:324][  0]LogConfig: Setting CVar [[Compat.UseDXT5NormalMaps:0]]
[2019.10.01-14.44.10:324][  0]LogConfig: Setting CVar [[r.VirtualTextures:0]]
[2019.10.01-14.44.10:324][  0]LogConfig: Setting CVar [[r.VirtualTexturedLightmaps:0]]
[2019.10.01-14.44.10:324][  0]LogConfig: Setting CVar [[r.VT.TileSize:128]]
[2019.10.01-14.44.10:324][  0]LogConfig: Setting CVar [[r.VT.TileBorderSize:4]]
[2019.10.01-14.44.10:324][  0]LogConfig: Setting CVar [[r.vt.FeedbackFactor:16]]
[2019.10.01-14.44.10:324][  0]LogConfig: Setting CVar [[r.VT.EnableCompressZlib:1]]
[2019.10.01-14.44.10:324][  0]LogConfig: Setting CVar [[r.VT.EnableCompressCrunch:0]]
[2019.10.01-14.44.10:324][  0]LogConfig: Setting CVar [[r.ClearCoatNormal:0]]
[2019.10.01-14.44.10:324][  0]LogConfig: Setting CVar [[r.ReflectionCaptureResolution:128]]
[2019.10.01-14.44.10:324][  0]LogConfig: Setting CVar [[r.ReflectionEnvironmentLightmapMixBasedOnRoughness:1]]
[2019.10.01-14.44.10:324][  0]LogConfig: Setting CVar [[r.ForwardShading:0]]
[2019.10.01-14.44.10:324][  0]LogConfig: Setting CVar [[r.VertexFoggingForOpaque:1]]
[2019.10.01-14.44.10:324][  0]LogConfig: Setting CVar [[r.AllowStaticLighting:1]]
[2019.10.01-14.44.10:324][  0]LogConfig: Setting CVar [[r.NormalMapsForStaticLighting:0]]
[2019.10.01-14.44.10:324][  0]LogConfig: Setting CVar [[r.GenerateMeshDistanceFields:0]]
[2019.10.01-14.44.10:324][  0]LogConfig: Setting CVar [[r.DistanceFieldBuild.EightBit:0]]
[2019.10.01-14.44.10:324][  0]LogConfig: Setting CVar [[r.GenerateLandscapeGIData:0]]
[2019.10.01-14.44.10:324][  0]LogConfig: Setting CVar [[r.DistanceFieldBuild.Compress:0]]
[2019.10.01-14.44.10:324][  0]LogConfig: Setting CVar [[r.TessellationAdaptivePixelsPerTriangle:48.000000]]
[2019.10.01-14.44.10:324][  0]LogConfig: Setting CVar [[r.SeparateTranslucency:1]]
[2019.10.01-14.44.10:324][  0]LogConfig: Setting CVar [[r.TranslucentSortPolicy:0]]
[2019.10.01-14.44.10:324][  0]LogConfig: Setting CVar [[r.CustomDepth:1]]
[2019.10.01-14.44.10:324][  0]LogConfig: Setting CVar [[r.CustomDepthTemporalAAJitter:1]]
[2019.10.01-14.44.10:324][  0]LogConfig: Setting CVar [[r.PostProcessing.PropagateAlpha:0]]
[2019.10.01-14.44.10:324][  0]LogConfig: Setting CVar [[r.DefaultFeature.Bloom:1]]
[2019.10.01-14.44.10:324][  0]LogConfig: Setting CVar [[r.DefaultFeature.AmbientOcclusion:1]]
[2019.10.01-14.44.10:324][  0]LogConfig: Setting CVar [[r.DefaultFeature.AmbientOcclusionStaticFraction:1]]
[2019.10.01-14.44.10:324][  0]LogConfig: Setting CVar [[r.DefaultFeature.AutoExposure:1]]
[2019.10.01-14.44.10:324][  0]LogConfig: Setting CVar [[r.DefaultFeature.AutoExposure.Method:0]]
[2019.10.01-14.44.10:324][  0]LogConfig: Setting CVar [[r.DefaultFeature.AutoExposure.ExtendDefaultLuminanceRange:0]]
[2019.10.01-14.44.10:324][  0]LogConfig: Setting CVar [[r.UsePreExposure:1]]
[2019.10.01-14.44.10:324][  0]LogConfig: Setting CVar [[r.EyeAdaptation.EditorOnly:1]]
[2019.10.01-14.44.10:324][  0]LogConfig: Setting CVar [[r.DefaultFeature.MotionBlur:1]]
[2019.10.01-14.44.10:324][  0]LogConfig: Setting CVar [[r.DefaultFeature.LensFlare:0]]
[2019.10.01-14.44.10:324][  0]LogConfig: Setting CVar [[r.TemporalAA.Upsampling:0]]
[2019.10.01-14.44.10:324][  0]LogConfig: Setting CVar [[r.DefaultFeature.AntiAliasing:2]]
[2019.10.01-14.44.10:324][  0]LogConfig: Setting CVar [[r.DefaultFeature.LightUnits:1]]
[2019.10.01-14.44.10:324][  0]LogConfig: Setting CVar [[r.DefaultBackBufferPixelFormat:4]]
[2019.10.01-14.44.10:325][  0]LogConfig: Setting CVar [[r.Shadow.UnbuiltPreviewInGame:1]]
[2019.10.01-14.44.10:325][  0]LogConfig: Setting CVar [[r.StencilForLODDither:0]]
[2019.10.01-14.44.10:325][  0]LogConfig: Setting CVar [[r.EarlyZPass:3]]
[2019.10.01-14.44.10:325][  0]LogConfig: Setting CVar [[r.EarlyZPassOnlyMaterialMasking:0]]
[2019.10.01-14.44.10:325][  0]LogConfig: Setting CVar [[r.DBuffer:1]]
[2019.10.01-14.44.10:325][  0]LogConfig: Setting CVar [[r.ClearSceneMethod:1]]
[2019.10.01-14.44.10:325][  0]LogConfig: Setting CVar [[r.BasePassOutputsVelocity:0]]
[2019.10.01-14.44.10:325][  0]LogConfig: Setting CVar [[r.SelectiveBasePassOutputs:0]]
[2019.10.01-14.44.10:325][  0]LogConfig: Setting CVar [[fx.GPUSimulationTextureSizeX:1024]]
[2019.10.01-14.44.10:325][  0]LogConfig: Setting CVar [[fx.GPUSimulationTextureSizeY:1024]]
[2019.10.01-14.44.10:325][  0]LogConfig: Setting CVar [[r.AllowGlobalClipPlane:0]]
[2019.10.01-14.44.10:325][  0]LogConfig: Setting CVar [[r.GBufferFormat:1]]
[2019.10.01-14.44.10:325][  0]LogConfig: Setting CVar [[r.MorphTarget.Mode:1]]
[2019.10.01-14.44.10:325][  0]LogConfig: Setting CVar [[vr.InstancedStereo:0]]
[2019.10.01-14.44.10:325][  0]LogConfig: Setting CVar [[vr.MultiView:0]]
[2019.10.01-14.44.10:325][  0]LogConfig: Setting CVar [[vr.MobileMultiView:0]]
[2019.10.01-14.44.10:325][  0]LogConfig: Setting CVar [[vr.MobileMultiView.Direct:0]]
[2019.10.01-14.44.10:325][  0]LogConfig: Setting CVar [[vr.RoundRobinOcclusion:0]]
[2019.10.01-14.44.10:325][  0]LogConfig: Setting CVar [[vr.ODSCapture:0]]
[2019.10.01-14.44.10:325][  0]LogConfig: Setting CVar [[r.WireframeCullThreshold:5.000000]]
[2019.10.01-14.44.10:325][  0]LogConfig: Setting CVar [[r.RayTracing:0]]
[2019.10.01-14.44.10:325][  0]LogConfig: Setting CVar [[r.SupportStationarySkylight:1]]
[2019.10.01-14.44.10:325][  0]LogConfig: Setting CVar [[r.SupportLowQualityLightmaps:1]]
[2019.10.01-14.44.10:325][  0]LogConfig: Setting CVar [[r.SupportPointLightWholeSceneShadows:1]]
[2019.10.01-14.44.10:325][  0]LogConfig: Setting CVar [[r.SupportAtmosphericFog:1]]
[2019.10.01-14.44.10:325][  0]LogConfig: Setting CVar [[r.SkinCache.CompileShaders:0]]
[2019.10.01-14.44.10:325][  0]LogConfig: Setting CVar [[r.Mobile.EnableStaticAndCSMShadowReceivers:1]]
[2019.10.01-14.44.10:325][  0]LogConfig: Setting CVar [[r.Mobile.EnableMovableLightCSMShaderCulling:1]]
[2019.10.01-14.44.10:325][  0]LogConfig: Setting CVar [[r.Mobile.AllowDistanceFieldShadows:1]]
[2019.10.01-14.44.10:325][  0]LogConfig: Setting CVar [[r.Mobile.AllowMovableDirectionalLights:1]]
[2019.10.01-14.44.10:325][  0]LogConfig: Setting CVar [[r.MobileNumDynamicPointLights:4]]
[2019.10.01-14.44.10:325][  0]LogConfig: Setting CVar [[r.MobileDynamicPointLightsUseStaticBranch:1]]
[2019.10.01-14.44.10:325][  0]LogConfig: Setting CVar [[r.Mobile.EnableMovableSpotlights:0]]
[2019.10.01-14.44.10:325][  0]LogConfig: Setting CVar [[r.SkinCache.SceneMemoryLimitInMB:128.000000]]
[2019.10.01-14.44.10:325][  0]LogConfig: Setting CVar [[r.GPUSkin.Limit2BoneInfluences:0]]
[2019.10.01-14.44.10:325][  0]LogConfig: Setting CVar [[r.SupportDepthOnlyIndexBuffers:1]]
[2019.10.01-14.44.10:325][  0]LogConfig: Setting CVar [[r.SupportReversedIndexBuffers:1]]
[2019.10.01-14.44.10:325][  0]LogConfig: Setting CVar [[r.SupportMaterialLayers:0]]
[2019.10.01-14.44.10:325][  0]LogConfig: Applying CVar settings from Section [/Script/Engine.RendererOverrideSettings] File [C:/Users/Owner/Documents/GitHub/2D-Side-Scroller/gamefile/CharsProject/Saved/Config/Windows/Engine.ini]
[2019.10.01-14.44.10:325][  0]LogConfig: Applying CVar settings from Section [/Script/Engine.StreamingSettings] File [C:/Users/Owner/Documents/GitHub/2D-Side-Scroller/gamefile/CharsProject/Saved/Config/Windows/Engine.ini]
[2019.10.01-14.44.10:325][  0]LogConfig: Setting CVar [[s.MinBulkDataSizeForAsyncLoading:131072]]
[2019.10.01-14.44.10:325][  0]LogConfig: Setting CVar [[s.AsyncLoadingThreadEnabled:0]]
[2019.10.01-14.44.10:325][  0]LogConfig: Setting CVar [[s.EventDrivenLoaderEnabled:1]]
[2019.10.01-14.44.10:325][  0]LogConfig: Setting CVar [[s.WarnIfTimeLimitExceeded:0]]
[2019.10.01-14.44.10:325][  0]LogConfig: Setting CVar [[s.TimeLimitExceededMultiplier:1.5]]
[2019.10.01-14.44.10:325][  0]LogConfig: Setting CVar [[s.TimeLimitExceededMinTime:0.005]]
[2019.10.01-14.44.10:325][  0]LogConfig: Setting CVar [[s.UseBackgroundLevelStreaming:1]]
[2019.10.01-14.44.10:325][  0]LogConfig: Setting CVar [[s.PriorityAsyncLoadingExtraTime:15.0]]
[2019.10.01-14.44.10:325][  0]LogConfig: Setting CVar [[s.LevelStreamingActorsUpdateTimeLimit:5.0]]
[2019.10.01-14.44.10:325][  0]LogConfig: Setting CVar [[s.PriorityLevelStreamingActorsUpdateExtraTime:5.0]]
[2019.10.01-14.44.10:325][  0]LogConfig: Setting CVar [[s.LevelStreamingComponentsRegistrationGranularity:10]]
[2019.10.01-14.44.10:325][  0]LogConfig: Setting CVar [[s.UnregisterComponentsTimeLimit:1.0]]
[2019.10.01-14.44.10:325][  0]LogConfig: Setting CVar [[s.LevelStreamingComponentsUnregistrationGranularity:5]]
[2019.10.01-14.44.10:325][  0]LogConfig: Applying CVar settings from Section [/Script/Engine.GarbageCollectionSettings] File [C:/Users/Owner/Documents/GitHub/2D-Side-Scroller/gamefile/CharsProject/Saved/Config/Windows/Engine.ini]
[2019.10.01-14.44.10:325][  0]LogConfig: Setting CVar [[gc.MaxObjectsNotConsideredByGC:1]]
[2019.10.01-14.44.10:325][  0]LogConfig: Setting CVar [[gc.SizeOfPermanentObjectPool:0]]
[2019.10.01-14.44.10:325][  0]LogConfig: Setting CVar [[gc.FlushStreamingOnGC:0]]
[2019.10.01-14.44.10:325][  0]LogConfig: Setting CVar [[gc.NumRetriesBeforeForcingGC:10]]
[2019.10.01-14.44.10:325][  0]LogConfig: Setting CVar [[gc.AllowParallelGC:1]]
[2019.10.01-14.44.10:325][  0]LogConfig: Setting CVar [[gc.TimeBetweenPurgingPendingKillObjects:61.1]]
[2019.10.01-14.44.10:326][  0]LogConfig: Setting CVar [[gc.MaxObjectsInEditor:16777216]]
[2019.10.01-14.44.10:326][  0]LogConfig: Setting CVar [[gc.IncrementalBeginDestroyEnabled:1]]
[2019.10.01-14.44.10:326][  0]LogConfig: Setting CVar [[gc.CreateGCClusters:1]]
[2019.10.01-14.44.10:326][  0]LogConfig: Setting CVar [[gc.MinGCClusterSize:5]]
[2019.10.01-14.44.10:326][  0]LogConfig: Setting CVar [[gc.ActorClusteringEnabled:0]]
[2019.10.01-14.44.10:326][  0]LogConfig: Setting CVar [[gc.BlueprintClusteringEnabled:0]]
[2019.10.01-14.44.10:326][  0]LogConfig: Setting CVar [[gc.UseDisregardForGCOnDedicatedServers:0]]
[2019.10.01-14.44.10:326][  0]LogConfig: Applying CVar settings from Section [/Script/Engine.NetworkSettings] File [C:/Users/Owner/Documents/GitHub/2D-Side-Scroller/gamefile/CharsProject/Saved/Config/Windows/Engine.ini]
[2019.10.01-14.44.10:326][  0]LogConfig: Applying CVar settings from Section [/Script/UnrealEd.CookerSettings] File [C:/Users/Owner/Documents/GitHub/2D-Side-Scroller/gamefile/CharsProject/Saved/Config/Windows/Engine.ini]
[2019.10.01-14.44.10:328][  0]LogConfig: Applying CVar settings from Section [ViewDistanceQuality@3] File [C:/Users/Owner/Documents/GitHub/2D-Side-Scroller/gamefile/CharsProject/Saved/Config/Windows/Scalability.ini]
[2019.10.01-14.44.10:328][  0]LogConfig: Setting CVar [[r.SkeletalMeshLODBias:0]]
[2019.10.01-14.44.10:328][  0]LogConfig: Setting CVar [[r.ViewDistanceScale:1.0]]
[2019.10.01-14.44.10:328][  0]LogConfig: Applying CVar settings from Section [AntiAliasingQuality@3] File [C:/Users/Owner/Documents/GitHub/2D-Side-Scroller/gamefile/CharsProject/Saved/Config/Windows/Scalability.ini]
[2019.10.01-14.44.10:328][  0]LogConfig: Setting CVar [[r.PostProcessAAQuality:4]]
[2019.10.01-14.44.10:328][  0]LogConfig: Applying CVar settings from Section [ShadowQuality@3] File [C:/Users/Owner/Documents/GitHub/2D-Side-Scroller/gamefile/CharsProject/Saved/Config/Windows/Scalability.ini]
[2019.10.01-14.44.10:328][  0]LogConfig: Setting CVar [[r.LightFunctionQuality:1]]
[2019.10.01-14.44.10:328][  0]LogConfig: Setting CVar [[r.ShadowQuality:5]]
[2019.10.01-14.44.10:328][  0]LogConfig: Setting CVar [[r.Shadow.CSM.MaxCascades:10]]
[2019.10.01-14.44.10:328][  0]LogConfig: Setting CVar [[r.Shadow.MaxResolution:2048]]
[2019.10.01-14.44.10:328][  0]LogConfig: Setting CVar [[r.Shadow.MaxCSMResolution:2048]]
[2019.10.01-14.44.10:328][  0]LogConfig: Setting CVar [[r.Shadow.RadiusThreshold:0.01]]
[2019.10.01-14.44.10:329][  0]LogConfig: Setting CVar [[r.Shadow.DistanceScale:1.0]]
[2019.10.01-14.44.10:329][  0]LogConfig: Setting CVar [[r.Shadow.CSM.TransitionScale:1.0]]
[2019.10.01-14.44.10:329][  0]LogConfig: Setting CVar [[r.Shadow.PreShadowResolutionFactor:1.0]]
[2019.10.01-14.44.10:329][  0]LogConfig: Setting CVar [[r.DistanceFieldShadowing:1]]
[2019.10.01-14.44.10:329][  0]LogConfig: Setting CVar [[r.DistanceFieldAO:1]]
[2019.10.01-14.44.10:329][  0]LogConfig: Setting CVar [[r.AOQuality:2]]
[2019.10.01-14.44.10:329][  0]LogConfig: Setting CVar [[r.VolumetricFog:1]]
[2019.10.01-14.44.10:329][  0]LogConfig: Setting CVar [[r.VolumetricFog.GridPixelSize:8]]
[2019.10.01-14.44.10:329][  0]LogConfig: Setting CVar [[r.VolumetricFog.GridSizeZ:128]]
[2019.10.01-14.44.10:329][  0]LogConfig: Setting CVar [[r.VolumetricFog.HistoryMissSupersampleCount:4]]
[2019.10.01-14.44.10:329][  0]LogConfig: Setting CVar [[r.LightMaxDrawDistanceScale:1]]
[2019.10.01-14.44.10:329][  0]LogConfig: Setting CVar [[r.CapsuleShadows:1]]
[2019.10.01-14.44.10:329][  0]LogConfig: Applying CVar settings from Section [PostProcessQuality@3] File [C:/Users/Owner/Documents/GitHub/2D-Side-Scroller/gamefile/CharsProject/Saved/Config/Windows/Scalability.ini]
[2019.10.01-14.44.10:329][  0]LogConfig: Setting CVar [[r.MotionBlurQuality:4]]
[2019.10.01-14.44.10:329][  0]LogConfig: Setting CVar [[r.AmbientOcclusionMipLevelFactor:0.4]]
[2019.10.01-14.44.10:329][  0]LogConfig: Setting CVar [[r.AmbientOcclusionMaxQuality:100]]
[2019.10.01-14.44.10:329][  0]LogConfig: Setting CVar [[r.AmbientOcclusionLevels:-1]]
[2019.10.01-14.44.10:329][  0]LogConfig: Setting CVar [[r.AmbientOcclusionRadiusScale:1.0]]
[2019.10.01-14.44.10:329][  0]LogConfig: Setting CVar [[r.DepthOfFieldQuality:2]]
[2019.10.01-14.44.10:329][  0]LogConfig: Setting CVar [[r.RenderTargetPoolMin:400]]
[2019.10.01-14.44.10:329][  0]LogConfig: Setting CVar [[r.LensFlareQuality:2]]
[2019.10.01-14.44.10:329][  0]LogConfig: Setting CVar [[r.SceneColorFringeQuality:1]]
[2019.10.01-14.44.10:329][  0]LogConfig: Setting CVar [[r.EyeAdaptationQuality:2]]
[2019.10.01-14.44.10:329][  0]LogConfig: Setting CVar [[r.BloomQuality:5]]
[2019.10.01-14.44.10:329][  0]LogConfig: Setting CVar [[r.FastBlurThreshold:100]]
[2019.10.01-14.44.10:329][  0]LogConfig: Setting CVar [[r.Upscale.Quality:3]]
[2019.10.01-14.44.10:329][  0]LogConfig: Setting CVar [[r.Tonemapper.GrainQuantization:1]]
[2019.10.01-14.44.10:329][  0]LogConfig: Setting CVar [[r.LightShaftQuality:1]]
[2019.10.01-14.44.10:329][  0]LogConfig: Setting CVar [[r.Filter.SizeScale:1]]
[2019.10.01-14.44.10:329][  0]LogConfig: Setting CVar [[r.Tonemapper.Quality:5]]
[2019.10.01-14.44.10:329][  0]LogConfig: Setting CVar [[r.DOF.Gather.AccumulatorQuality:1        ; higher gathering accumulator quality]]
[2019.10.01-14.44.10:329][  0]LogConfig: Setting CVar [[r.DOF.Gather.PostfilterMethod:1          ; Median3x3 postfilering method]]
[2019.10.01-14.44.10:329][  0]LogConfig: Setting CVar [[r.DOF.Gather.EnableBokehSettings:0       ; no bokeh simulation when gathering]]
[2019.10.01-14.44.10:329][  0]LogConfig: Setting CVar [[r.DOF.Gather.RingCount:4                 ; medium number of samples when gathering]]
[2019.10.01-14.44.10:329][  0]LogConfig: Setting CVar [[r.DOF.Scatter.ForegroundCompositing:1    ; additive foreground scattering]]
[2019.10.01-14.44.10:329][  0]LogConfig: Setting CVar [[r.DOF.Scatter.BackgroundCompositing:2    ; additive background scattering]]
[2019.10.01-14.44.10:329][  0]LogConfig: Setting CVar [[r.DOF.Scatter.EnableBokehSettings:1      ; bokeh simulation when scattering]]
[2019.10.01-14.44.10:329][  0]LogConfig: Setting CVar [[r.DOF.Scatter.MaxSpriteRatio:0.1         ; only a maximum of 10% of scattered bokeh]]
[2019.10.01-14.44.10:329][  0]LogConfig: Setting CVar [[r.DOF.Recombine.Quality:1                ; cheap slight out of focus]]
[2019.10.01-14.44.10:329][  0]LogConfig: Setting CVar [[r.DOF.Recombine.EnableBokehSettings:0    ; no bokeh simulation on slight out of focus]]
[2019.10.01-14.44.10:329][  0]LogConfig: Setting CVar [[r.DOF.TemporalAAQuality:1                ; more stable temporal accumulation]]
[2019.10.01-14.44.10:329][  0]LogConfig: Setting CVar [[r.DOF.Kernel.MaxForegroundRadius:0.025]]
[2019.10.01-14.44.10:329][  0]LogConfig: Setting CVar [[r.DOF.Kernel.MaxBackgroundRadius:0.025]]
[2019.10.01-14.44.10:329][  0]LogConfig: Applying CVar settings from Section [TextureQuality@3] File [C:/Users/Owner/Documents/GitHub/2D-Side-Scroller/gamefile/CharsProject/Saved/Config/Windows/Scalability.ini]
[2019.10.01-14.44.10:329][  0]LogConfig: Setting CVar [[r.Streaming.MipBias:0]]
[2019.10.01-14.44.10:329][  0]LogConfig: Setting CVar [[r.Streaming.AmortizeCPUToGPUCopy:0]]
[2019.10.01-14.44.10:329][  0]LogConfig: Setting CVar [[r.Streaming.MaxNumTexturesToStreamPerFrame:0]]
[2019.10.01-14.44.10:329][  0]LogConfig: Setting CVar [[r.Streaming.Boost:1]]
[2019.10.01-14.44.10:329][  0]LogConfig: Setting CVar [[r.MaxAnisotropy:8]]
[2019.10.01-14.44.10:329][  0]LogConfig: Setting CVar [[r.Streaming.LimitPoolSizeToVRAM:0]]
[2019.10.01-14.44.10:329][  0]LogConfig: Setting CVar [[r.Streaming.PoolSize:1000]]
[2019.10.01-14.44.10:329][  0]LogConfig: Setting CVar [[r.Streaming.MaxEffectiveScreenSize:0]]
[2019.10.01-14.44.10:329][  0]LogConfig: Applying CVar settings from Section [EffectsQuality@3] File [C:/Users/Owner/Documents/GitHub/2D-Side-Scroller/gamefile/CharsProject/Saved/Config/Windows/Scalability.ini]
[2019.10.01-14.44.10:329][  0]LogConfig: Setting CVar [[r.TranslucencyLightingVolumeDim:64]]
[2019.10.01-14.44.10:329][  0]LogConfig: Setting CVar [[r.RefractionQuality:2]]
[2019.10.01-14.44.10:329][  0]LogConfig: Setting CVar [[r.SSR.Quality:3]]
[2019.10.01-14.44.10:329][  0]LogConfig: Setting CVar [[r.SceneColorFormat:4]]
[2019.10.01-14.44.10:329][  0]LogConfig: Setting CVar [[r.DetailMode:2]]
[2019.10.01-14.44.10:329][  0]LogConfig: Setting CVar [[r.TranslucencyVolumeBlur:1]]
[2019.10.01-14.44.10:329][  0]LogConfig: Setting CVar [[r.MaterialQualityLevel:1 ; High quality]]
[2019.10.01-14.44.10:330][  0]LogConfig: Setting CVar [[r.SSS.Scale:1]]
[2019.10.01-14.44.10:330][  0]LogConfig: Setting CVar [[r.SSS.SampleSet:2]]
[2019.10.01-14.44.10:330][  0]LogConfig: Setting CVar [[r.SSS.Quality:1]]
[2019.10.01-14.44.10:330][  0]LogConfig: Setting CVar [[r.SSS.HalfRes:1]]
[2019.10.01-14.44.10:330][  0]LogConfig: Setting CVar [[r.EmitterSpawnRateScale:1.0]]
[2019.10.01-14.44.10:330][  0]LogConfig: Setting CVar [[r.ParticleLightQuality:2]]
[2019.10.01-14.44.10:330][  0]LogConfig: Applying CVar settings from Section [FoliageQuality@3] File [C:/Users/Owner/Documents/GitHub/2D-Side-Scroller/gamefile/CharsProject/Saved/Config/Windows/Scalability.ini]
[2019.10.01-14.44.10:330][  0]LogConfig: Setting CVar [[foliage.DensityScale:1.0]]
[2019.10.01-14.44.10:330][  0]LogConfig: Setting CVar [[grass.DensityScale:1.0]]
[2019.10.01-14.44.10:330][  0]LogInit: Selected Device Profile: [Windows]
[2019.10.01-14.44.10:330][  0]LogInit: Applying CVar settings loaded from the selected device profile: [Windows]
[2019.10.01-14.44.10:338][  0]LogHAL: Display: Platform has ~ 8 GB [8539672576 / 8589934592 / 8], which maps to Default [LargestMinGB=32, LargerMinGB=12, DefaultMinGB=8, SmallerMinGB=6, SmallestMinGB=0)
[2019.10.01-14.44.10:338][  0]LogInit: Going up to parent DeviceProfile []
[2019.10.01-14.44.10:338][  0]LogConfig: Applying CVar settings from Section [ViewDistanceQuality@3] File [C:/Users/Owner/Documents/GitHub/2D-Side-Scroller/gamefile/CharsProject/Saved/Config/Windows/Scalability.ini]
[2019.10.01-14.44.10:338][  0]LogConfig: Setting CVar [[r.SkeletalMeshLODBias:0]]
[2019.10.01-14.44.10:338][  0]LogConfig: Setting CVar [[r.ViewDistanceScale:1.0]]
[2019.10.01-14.44.10:338][  0]LogConfig: Applying CVar settings from Section [AntiAliasingQuality@3] File [C:/Users/Owner/Documents/GitHub/2D-Side-Scroller/gamefile/CharsProject/Saved/Config/Windows/Scalability.ini]
[2019.10.01-14.44.10:338][  0]LogConfig: Setting CVar [[r.PostProcessAAQuality:4]]
[2019.10.01-14.44.10:338][  0]LogConfig: Applying CVar settings from Section [ShadowQuality@3] File [C:/Users/Owner/Documents/GitHub/2D-Side-Scroller/gamefile/CharsProject/Saved/Config/Windows/Scalability.ini]
[2019.10.01-14.44.10:338][  0]LogConfig: Setting CVar [[r.LightFunctionQuality:1]]
[2019.10.01-14.44.10:338][  0]LogConfig: Setting CVar [[r.ShadowQuality:5]]
[2019.10.01-14.44.10:338][  0]LogConfig: Setting CVar [[r.Shadow.CSM.MaxCascades:10]]
[2019.10.01-14.44.10:338][  0]LogConfig: Setting CVar [[r.Shadow.MaxResolution:2048]]
[2019.10.01-14.44.10:338][  0]LogConfig: Setting CVar [[r.Shadow.MaxCSMResolution:2048]]
[2019.10.01-14.44.10:338][  0]LogConfig: Setting CVar [[r.Shadow.RadiusThreshold:0.01]]
[2019.10.01-14.44.10:338][  0]LogConfig: Setting CVar [[r.Shadow.DistanceScale:1.0]]
[2019.10.01-14.44.10:338][  0]LogConfig: Setting CVar [[r.Shadow.CSM.TransitionScale:1.0]]
[2019.10.01-14.44.10:338][  0]LogConfig: Setting CVar [[r.Shadow.PreShadowResolutionFactor:1.0]]
[2019.10.01-14.44.10:338][  0]LogConfig: Setting CVar [[r.DistanceFieldShadowing:1]]
[2019.10.01-14.44.10:338][  0]LogConfig: Setting CVar [[r.DistanceFieldAO:1]]
[2019.10.01-14.44.10:338][  0]LogConfig: Setting CVar [[r.AOQuality:2]]
[2019.10.01-14.44.10:338][  0]LogConfig: Setting CVar [[r.VolumetricFog:1]]
[2019.10.01-14.44.10:338][  0]LogConfig: Setting CVar [[r.VolumetricFog.GridPixelSize:8]]
[2019.10.01-14.44.10:338][  0]LogConfig: Setting CVar [[r.VolumetricFog.GridSizeZ:128]]
[2019.10.01-14.44.10:338][  0]LogConfig: Setting CVar [[r.VolumetricFog.HistoryMissSupersampleCount:4]]
[2019.10.01-14.44.10:338][  0]LogConfig: Setting CVar [[r.LightMaxDrawDistanceScale:1]]
[2019.10.01-14.44.10:338][  0]LogConfig: Setting CVar [[r.CapsuleShadows:1]]
[2019.10.01-14.44.10:338][  0]LogConfig: Applying CVar settings from Section [PostProcessQuality@3] File [C:/Users/Owner/Documents/GitHub/2D-Side-Scroller/gamefile/CharsProject/Saved/Config/Windows/Scalability.ini]
[2019.10.01-14.44.10:338][  0]LogConfig: Setting CVar [[r.MotionBlurQuality:4]]
[2019.10.01-14.44.10:338][  0]LogConfig: Setting CVar [[r.AmbientOcclusionMipLevelFactor:0.4]]
[2019.10.01-14.44.10:338][  0]LogConfig: Setting CVar [[r.AmbientOcclusionMaxQuality:100]]
[2019.10.01-14.44.10:338][  0]LogConfig: Setting CVar [[r.AmbientOcclusionLevels:-1]]
[2019.10.01-14.44.10:338][  0]LogConfig: Setting CVar [[r.AmbientOcclusionRadiusScale:1.0]]
[2019.10.01-14.44.10:338][  0]LogConfig: Setting CVar [[r.DepthOfFieldQuality:2]]
[2019.10.01-14.44.10:338][  0]LogConfig: Setting CVar [[r.RenderTargetPoolMin:400]]
[2019.10.01-14.44.10:338][  0]LogConfig: Setting CVar [[r.LensFlareQuality:2]]
[2019.10.01-14.44.10:338][  0]LogConfig: Setting CVar [[r.SceneColorFringeQuality:1]]
[2019.10.01-14.44.10:338][  0]LogConfig: Setting CVar [[r.EyeAdaptationQuality:2]]
[2019.10.01-14.44.10:338][  0]LogConfig: Setting CVar [[r.BloomQuality:5]]
[2019.10.01-14.44.10:338][  0]LogConfig: Setting CVar [[r.FastBlurThreshold:100]]
[2019.10.01-14.44.10:338][  0]LogConfig: Setting CVar [[r.Upscale.Quality:3]]
[2019.10.01-14.44.10:338][  0]LogConfig: Setting CVar [[r.Tonemapper.GrainQuantization:1]]
[2019.10.01-14.44.10:338][  0]LogConfig: Setting CVar [[r.LightShaftQuality:1]]
[2019.10.01-14.44.10:338][  0]LogConfig: Setting CVar [[r.Filter.SizeScale:1]]
[2019.10.01-14.44.10:338][  0]LogConfig: Setting CVar [[r.Tonemapper.Quality:5]]
[2019.10.01-14.44.10:339][  0]LogConfig: Setting CVar [[r.DOF.Gather.AccumulatorQuality:1        ; higher gathering accumulator quality]]
[2019.10.01-14.44.10:339][  0]LogConfig: Setting CVar [[r.DOF.Gather.PostfilterMethod:1          ; Median3x3 postfilering method]]
[2019.10.01-14.44.10:339][  0]LogConfig: Setting CVar [[r.DOF.Gather.EnableBokehSettings:0       ; no bokeh simulation when gathering]]
[2019.10.01-14.44.10:339][  0]LogConfig: Setting CVar [[r.DOF.Gather.RingCount:4                 ; medium number of samples when gathering]]
[2019.10.01-14.44.10:339][  0]LogConfig: Setting CVar [[r.DOF.Scatter.ForegroundCompositing:1    ; additive foreground scattering]]
[2019.10.01-14.44.10:339][  0]LogConfig: Setting CVar [[r.DOF.Scatter.BackgroundCompositing:2    ; additive background scattering]]
[2019.10.01-14.44.10:339][  0]LogConfig: Setting CVar [[r.DOF.Scatter.EnableBokehSettings:1      ; bokeh simulation when scattering]]
[2019.10.01-14.44.10:339][  0]LogConfig: Setting CVar [[r.DOF.Scatter.MaxSpriteRatio:0.1         ; only a maximum of 10% of scattered bokeh]]
[2019.10.01-14.44.10:339][  0]LogConfig: Setting CVar [[r.DOF.Recombine.Quality:1                ; cheap slight out of focus]]
[2019.10.01-14.44.10:339][  0]LogConfig: Setting CVar [[r.DOF.Recombine.EnableBokehSettings:0    ; no bokeh simulation on slight out of focus]]
[2019.10.01-14.44.10:339][  0]LogConfig: Setting CVar [[r.DOF.TemporalAAQuality:1                ; more stable temporal accumulation]]
[2019.10.01-14.44.10:339][  0]LogConfig: Setting CVar [[r.DOF.Kernel.MaxForegroundRadius:0.025]]
[2019.10.01-14.44.10:339][  0]LogConfig: Setting CVar [[r.DOF.Kernel.MaxBackgroundRadius:0.025]]
[2019.10.01-14.44.10:339][  0]LogConfig: Applying CVar settings from Section [TextureQuality@3] File [C:/Users/Owner/Documents/GitHub/2D-Side-Scroller/gamefile/CharsProject/Saved/Config/Windows/Scalability.ini]
[2019.10.01-14.44.10:339][  0]LogConfig: Setting CVar [[r.Streaming.MipBias:0]]
[2019.10.01-14.44.10:339][  0]LogConfig: Setting CVar [[r.Streaming.AmortizeCPUToGPUCopy:0]]
[2019.10.01-14.44.10:339][  0]LogConfig: Setting CVar [[r.Streaming.MaxNumTexturesToStreamPerFrame:0]]
[2019.10.01-14.44.10:339][  0]LogConfig: Setting CVar [[r.Streaming.Boost:1]]
[2019.10.01-14.44.10:339][  0]LogConfig: Setting CVar [[r.MaxAnisotropy:8]]
[2019.10.01-14.44.10:339][  0]LogConfig: Setting CVar [[r.Streaming.LimitPoolSizeToVRAM:0]]
[2019.10.01-14.44.10:339][  0]LogConfig: Setting CVar [[r.Streaming.PoolSize:1000]]
[2019.10.01-14.44.10:339][  0]LogConfig: Setting CVar [[r.Streaming.MaxEffectiveScreenSize:0]]
[2019.10.01-14.44.10:339][  0]LogConfig: Applying CVar settings from Section [EffectsQuality@3] File [C:/Users/Owner/Documents/GitHub/2D-Side-Scroller/gamefile/CharsProject/Saved/Config/Windows/Scalability.ini]
[2019.10.01-14.44.10:339][  0]LogConfig: Setting CVar [[r.TranslucencyLightingVolumeDim:64]]
[2019.10.01-14.44.10:339][  0]LogConfig: Setting CVar [[r.RefractionQuality:2]]
[2019.10.01-14.44.10:339][  0]LogConfig: Setting CVar [[r.SSR.Quality:3]]
[2019.10.01-14.44.10:339][  0]LogConfig: Setting CVar [[r.SceneColorFormat:4]]
[2019.10.01-14.44.10:339][  0]LogConfig: Setting CVar [[r.DetailMode:2]]
[2019.10.01-14.44.10:339][  0]LogConfig: Setting CVar [[r.TranslucencyVolumeBlur:1]]
[2019.10.01-14.44.10:339][  0]LogConfig: Setting CVar [[r.MaterialQualityLevel:1 ; High quality]]
[2019.10.01-14.44.10:339][  0]LogConfig: Setting CVar [[r.SSS.Scale:1]]
[2019.10.01-14.44.10:339][  0]LogConfig: Setting CVar [[r.SSS.SampleSet:2]]
[2019.10.01-14.44.10:339][  0]LogConfig: Setting CVar [[r.SSS.Quality:1]]
[2019.10.01-14.44.10:339][  0]LogConfig: Setting CVar [[r.SSS.HalfRes:1]]
[2019.10.01-14.44.10:339][  0]LogConfig: Setting CVar [[r.EmitterSpawnRateScale:1.0]]
[2019.10.01-14.44.10:339][  0]LogConfig: Setting CVar [[r.ParticleLightQuality:2]]
[2019.10.01-14.44.10:339][  0]LogConfig: Applying CVar settings from Section [FoliageQuality@3] File [C:/Users/Owner/Documents/GitHub/2D-Side-Scroller/gamefile/CharsProject/Saved/Config/Windows/Scalability.ini]
[2019.10.01-14.44.10:339][  0]LogConfig: Setting CVar [[foliage.DensityScale:1.0]]
[2019.10.01-14.44.10:339][  0]LogConfig: Setting CVar [[grass.DensityScale:1.0]]
[2019.10.01-14.44.10:339][  0]LogConfig: Applying CVar settings from Section [Startup] File [../../../Engine/Config/ConsoleVariables.ini]
[2019.10.01-14.44.10:340][  0]LogConfig: Setting CVar [[net.UseAdaptiveNetUpdateFrequency:0]]
[2019.10.01-14.44.10:340][  0]LogConfig: Setting CVar [[p.chaos.AllowCreatePhysxBodies:1]]
[2019.10.01-14.44.10:340][  0]LogConfig: Applying CVar settings from Section [ConsoleVariables] File [C:/Users/Owner/Documents/GitHub/2D-Side-Scroller/gamefile/CharsProject/Saved/Config/Windows/Engine.ini]
[2019.10.01-14.44.10:340][  0]LogInit: Computer: DESKTOP-8S7FTS5
[2019.10.01-14.44.10:340][  0]LogInit: User: Owner
[2019.10.01-14.44.10:340][  0]LogInit: CPU Page size=4096, Cores=4
[2019.10.01-14.44.10:340][  0]LogInit: High frequency timer resolution =10.000000 MHz
[2019.10.01-14.44.10:340][  0]LogMemory: Memory total: Physical=8.0GB (8GB approx)
[2019.10.01-14.44.10:340][  0]LogMemory: Platform Memory Stats for Windows
[2019.10.01-14.44.10:340][  0]LogMemory: Process Physical Memory: 100.33 MB used, 100.33 MB peak
[2019.10.01-14.44.10:340][  0]LogMemory: Process Virtual Memory: 100.21 MB used, 100.21 MB peak
[2019.10.01-14.44.10:340][  0]LogMemory: Physical Memory: 4248.07 MB used,  3896.00 MB free, 8144.07 MB total
[2019.10.01-14.44.10:340][  0]LogMemory: Virtual Memory: 4670.08 MB used,  134213056.00 MB free, 134217728.00 MB total
[2019.10.01-14.44.10:343][  0]LogWindows: WindowsPlatformFeatures enabled
[2019.10.01-14.44.10:825][  0]LogInit: Using OS detected language (en-US).
[2019.10.01-14.44.10:825][  0]LogInit: Using OS detected locale (en-GB).
[2019.10.01-14.44.10:826][  0]LogTextLocalizationManager: No specific localization for 'en-US' exists, so the 'en' localization will be used.
[2019.10.01-14.44.11:071][  0]LogInit: Setting process to per monitor DPI aware
[2019.10.01-14.44.11:162][  0]LogSlate: New Slate User Created.  User Index 0, Is Virtual User: 0
[2019.10.01-14.44.11:162][  0]LogSlate: Slate User Registered.  User Index 0, Is Virtual User: 0
[2019.10.01-14.44.13:370][  0]LogHMD: Failed to initialize OpenVR with code 110
[2019.10.01-14.44.13:370][  0]LogD3D11RHI: D3D11 adapters:
[2019.10.01-14.44.13:461][  0]LogD3D11RHI:    0. 'NVIDIA GeForce GTX 1060 3GB' (Feature Level 11_0)
[2019.10.01-14.44.13:461][  0]LogD3D11RHI:       2988/0/4072 MB DedicatedVideo/DedicatedSystem/SharedSystem, Outputs:1, VendorId:0x10de
[2019.10.01-14.44.13:464][  0]LogD3D11RHI:    1. 'Microsoft Basic Render Driver' (Feature Level 11_0)
[2019.10.01-14.44.13:464][  0]LogD3D11RHI:       0/0/4072 MB DedicatedVideo/DedicatedSystem/SharedSystem, Outputs:0, VendorId:0x1414
[2019.10.01-14.44.13:464][  0]LogD3D11RHI: Chosen D3D11 Adapter: 0
[2019.10.01-14.44.13:473][  0]LogD3D11RHI: Creating new Direct3DDevice
[2019.10.01-14.44.13:473][  0]LogD3D11RHI:     GPU DeviceId: 0x1c02 (for the marketing name, search the web for "GPU Device Id")
[2019.10.01-14.44.13:473][  0]LogWindows: EnumDisplayDevices:
[2019.10.01-14.44.13:473][  0]LogWindows:    0. 'NVIDIA GeForce GTX 1060 3GB' (P:1 D:1)
[2019.10.01-14.44.13:473][  0]LogWindows:    1. 'NVIDIA GeForce GTX 1060 3GB' (P:0 D:0)
[2019.10.01-14.44.13:474][  0]LogWindows:    2. 'NVIDIA GeForce GTX 1060 3GB' (P:0 D:0)
[2019.10.01-14.44.13:474][  0]LogWindows:    3. 'NVIDIA GeForce GTX 1060 3GB' (P:0 D:0)
[2019.10.01-14.44.13:475][  0]LogWindows: DebugString: FoundDriverCount:4 
[2019.10.01-14.44.13:475][  0]LogD3D11RHI:     Adapter Name: NVIDIA GeForce GTX 1060 3GB
[2019.10.01-14.44.13:475][  0]LogD3D11RHI:   Driver Version: 419.35 (internal:25.21.14.1935, unified:419.35)
[2019.10.01-14.44.13:475][  0]LogD3D11RHI:      Driver Date: 3-1-2019
[2019.10.01-14.44.13:475][  0]LogRHI: Texture pool is 2091 MB (70% of 2988 MB)
[2019.10.01-14.44.13:517][  0]LogD3D11RHI: Async texture creation enabled
[2019.10.01-14.44.13:530][  0]LogD3D11RHI: GPU Timing Frequency: 1000.000000 (Debug: 2 1)
[2019.10.01-14.44.14:211][  0]LogTemp: Display: Module 'AllDesktopTargetPlatform' loaded TargetPlatform 'AllDesktop'
[2019.10.01-14.44.14:243][  0]LogTemp: Display: Module 'MacClientTargetPlatform' loaded TargetPlatform 'MacClient'
[2019.10.01-14.44.14:265][  0]LogTemp: Display: Module 'MacNoEditorTargetPlatform' loaded TargetPlatform 'MacNoEditor'
[2019.10.01-14.44.14:286][  0]LogTemp: Display: Module 'MacServerTargetPlatform' loaded TargetPlatform 'MacServer'
[2019.10.01-14.44.14:312][  0]LogTemp: Display: Module 'MacTargetPlatform' loaded TargetPlatform 'Mac'
[2019.10.01-14.44.14:343][  0]LogTemp: Display: Module 'WindowsClientTargetPlatform' loaded TargetPlatform 'WindowsClient'
[2019.10.01-14.44.14:366][  0]LogTemp: Display: Module 'WindowsNoEditorTargetPlatform' loaded TargetPlatform 'WindowsNoEditor'
[2019.10.01-14.44.14:388][  0]LogTemp: Display: Module 'WindowsServerTargetPlatform' loaded TargetPlatform 'WindowsServer'
[2019.10.01-14.44.14:417][  0]LogTemp: Display: Module 'WindowsTargetPlatform' loaded TargetPlatform 'Windows'
[2019.10.01-14.44.14:484][  0]LogTemp: Display: Module 'AndroidTargetPlatform' loaded TargetPlatform 'Android'
[2019.10.01-14.44.14:484][  0]LogTemp: Display: Module 'AndroidTargetPlatform' loaded TargetPlatform 'Android_ASTC'
[2019.10.01-14.44.14:484][  0]LogTemp: Display: Module 'AndroidTargetPlatform' loaded TargetPlatform 'Android_ATC'
[2019.10.01-14.44.14:484][  0]LogTemp: Display: Module 'AndroidTargetPlatform' loaded TargetPlatform 'Android_DXT'
[2019.10.01-14.44.14:484][  0]LogTemp: Display: Module 'AndroidTargetPlatform' loaded TargetPlatform 'Android_ETC1'
[2019.10.01-14.44.14:484][  0]LogTemp: Display: Module 'AndroidTargetPlatform' loaded TargetPlatform 'Android_ETC1a'
[2019.10.01-14.44.14:484][  0]LogTemp: Display: Module 'AndroidTargetPlatform' loaded TargetPlatform 'Android_ETC2'
[2019.10.01-14.44.14:484][  0]LogTemp: Display: Module 'AndroidTargetPlatform' loaded TargetPlatform 'Android_PVRTC'
[2019.10.01-14.44.14:484][  0]LogTemp: Display: Module 'AndroidTargetPlatform' loaded TargetPlatform 'AndroidClient'
[2019.10.01-14.44.14:484][  0]LogTemp: Display: Module 'AndroidTargetPlatform' loaded TargetPlatform 'Android_ASTCClient'
[2019.10.01-14.44.14:484][  0]LogTemp: Display: Module 'AndroidTargetPlatform' loaded TargetPlatform 'Android_ATCClient'
[2019.10.01-14.44.14:484][  0]LogTemp: Display: Module 'AndroidTargetPlatform' loaded TargetPlatform 'Android_DXTClient'
[2019.10.01-14.44.14:484][  0]LogTemp: Display: Module 'AndroidTargetPlatform' loaded TargetPlatform 'Android_ETC1Client'
[2019.10.01-14.44.14:484][  0]LogTemp: Display: Module 'AndroidTargetPlatform' loaded TargetPlatform 'Android_ETC1aClient'
[2019.10.01-14.44.14:484][  0]LogTemp: Display: Module 'AndroidTargetPlatform' loaded TargetPlatform 'Android_ETC2Client'
[2019.10.01-14.44.14:484][  0]LogTemp: Display: Module 'AndroidTargetPlatform' loaded TargetPlatform 'Android_PVRTCClient'
[2019.10.01-14.44.14:484][  0]LogTemp: Display: Module 'AndroidTargetPlatform' loaded TargetPlatform 'Android_Multi'
[2019.10.01-14.44.14:484][  0]LogTemp: Display: Module 'AndroidTargetPlatform' loaded TargetPlatform 'Android_MultiClient'
[2019.10.01-14.44.14:501][  0]LogTemp: Display: Module 'HTML5TargetPlatform' loaded TargetPlatform 'HTML5'
[2019.10.01-14.44.14:595][  0]LogTemp: Display: Module 'IOSTargetPlatform' loaded TargetPlatform 'IOSClient'
[2019.10.01-14.44.14:596][  0]LogTemp: Display: Module 'IOSTargetPlatform' loaded TargetPlatform 'IOS'
[2019.10.01-14.44.14:639][  0]LogTemp: Display: Module 'TVOSTargetPlatform' loaded TargetPlatform 'TVOSClient'
[2019.10.01-14.44.14:639][  0]LogTemp: Display: Module 'TVOSTargetPlatform' loaded TargetPlatform 'TVOS'
[2019.10.01-14.44.14:665][  0]LogTemp: Display: Module 'LinuxClientTargetPlatform' loaded TargetPlatform 'LinuxClient'
[2019.10.01-14.44.14:685][  0]LogTemp: Display: Module 'LinuxNoEditorTargetPlatform' loaded TargetPlatform 'LinuxNoEditor'
[2019.10.01-14.44.14:715][  0]LogTemp: Display: Module 'LinuxServerTargetPlatform' loaded TargetPlatform 'LinuxServer'
[2019.10.01-14.44.14:743][  0]LogTemp: Display: Module 'LinuxTargetPlatform' loaded TargetPlatform 'Linux'
[2019.10.01-14.44.14:788][  0]LogTemp: Display: Module 'LuminTargetPlatform' loaded TargetPlatform 'Lumin'
[2019.10.01-14.44.14:788][  0]LogTemp: Display: Module 'LuminTargetPlatform' loaded TargetPlatform 'LuminClient'
[2019.10.01-14.44.14:788][  0]LogTargetPlatformManager: Display: Building Assets For Windows
[2019.10.01-14.44.14:898][  0]LogAudioDebug: Display: Lib vorbis DLL was dynamically loaded.
[2019.10.01-14.44.15:439][  0]LogShaderCompilers: Guid format shader working directory is -25 characters bigger than the processId version (C:/Users/Owner/Documents/GitHub/2D-Side-Scroller/gamefile/CharsProject/Intermediate/Shaders/WorkingDirectory/11220/).
[2019.10.01-14.44.15:439][  0]LogShaderCompilers: Cleaned the shader compiler working directory 'C:/Users/Owner/AppData/Local/Temp/UnrealShaderWorkingDir/8E9A4B0E4E151F4787BAB5869399FF4E/'.
[2019.10.01-14.44.15:443][  0]LogXGEController: Cleaning working directory: C:/Users/Owner/AppData/Local/Temp/UnrealXGEWorkingDir/
[2019.10.01-14.44.15:443][  0]LogXGEController: Cannot use XGE Controller as Incredibuild is not installed on this machine.
[2019.10.01-14.44.15:443][  0]LogShaderCompilers: Cannot use XGE Shader Compiler as Incredibuild is not installed on this machine.
[2019.10.01-14.44.15:444][  0]LogShaderCompilers: Display: Using Local Shader Compiler.
[2019.10.01-14.44.17:453][  0]LogDerivedDataCache: Display: Max Cache Size: 512 MB
[2019.10.01-14.44.17:512][  0]LogDerivedDataCache: Loaded boot cache 0.06s 73MB C:/Users/Owner/AppData/Local/UnrealEngine/4.23/DerivedDataCache/Boot.ddc.
[2019.10.01-14.44.17:512][  0]LogDerivedDataCache: Display: Loaded Boot cache: C:/Users/Owner/AppData/Local/UnrealEngine/4.23/DerivedDataCache/Boot.ddc
[2019.10.01-14.44.17:512][  0]LogDerivedDataCache: FDerivedDataBackendGraph:  Pak pak cache file C:/Users/Owner/Documents/GitHub/2D-Side-Scroller/gamefile/CharsProject/DerivedDataCache/DDC.ddp not found, will not use a pak cache.
[2019.10.01-14.44.17:512][  0]LogDerivedDataCache: Unable to find inner node Pak for hierarchical cache Hierarchy.
[2019.10.01-14.44.17:512][  0]LogDerivedDataCache: FDerivedDataBackendGraph:  CompressedPak pak cache file C:/Users/Owner/Documents/GitHub/2D-Side-Scroller/gamefile/CharsProject/DerivedDataCache/Compressed.ddp not found, will not use a pak cache.
[2019.10.01-14.44.17:512][  0]LogDerivedDataCache: Unable to find inner node CompressedPak for hierarchical cache Hierarchy.
[2019.10.01-14.44.17:550][  0]LogDerivedDataCache: Display: Pak cache opened for reading ../../../Engine/DerivedDataCache/Compressed.ddp.
[2019.10.01-14.44.17:550][  0]LogDerivedDataCache: FDerivedDataBackendGraph:  EnterprisePak pak cache file ../../../Enterprise/DerivedDataCache/Compressed.ddp not found, will not use a pak cache.
[2019.10.01-14.44.17:550][  0]LogDerivedDataCache: Unable to find inner node EnterprisePak for hierarchical cache Hierarchy.
[2019.10.01-14.44.17:552][  0]LogDerivedDataCache: Using Local data cache path C:/Users/Owner/AppData/Local/UnrealEngine/Common/DerivedDataCache: Writable
[2019.10.01-14.44.17:552][  0]LogDerivedDataCache: Shared data cache path not found in *engine.ini, will not use an Shared cache.
[2019.10.01-14.44.17:552][  0]LogDerivedDataCache: Unable to find inner node Shared for hierarchical cache Hierarchy.
[2019.10.01-14.44.17:578][  0]LogMaterial: Verifying Global Shaders for PCD3D_SM5
[2019.10.01-14.44.17:580][  0]LogSlate: Using FreeType 2.6.0
[2019.10.01-14.44.17:594][  0]LogSlate: SlateFontServices - WITH_FREETYPE: 1, WITH_HARFBUZZ: 1
[2019.10.01-14.44.17:863][  0]LogAssetRegistry: FAssetRegistry took 0.0024 seconds to start up
[2019.10.01-14.44.18:169][  0]LogInit: Selected Device Profile: [Windows]
[2019.10.01-14.44.18:869][  0]LogMeshReduction: Using QuadricMeshReduction for automatic static mesh reduction
[2019.10.01-14.44.18:869][  0]LogMeshReduction: Using SimplygonMeshReduction for automatic skeletal mesh reduction
[2019.10.01-14.44.18:869][  0]LogMeshReduction: Using ProxyLODMeshReduction for automatic mesh merging
[2019.10.01-14.44.18:869][  0]LogMeshReduction: No distributed automatic mesh merging module available
[2019.10.01-14.44.18:869][  0]LogMeshMerging: No distributed automatic mesh merging module available
[2019.10.01-14.44.18:907][  0]LogNetVersion: CharsProject 1.0.0, NetCL: 8386587, EngineNetVer: 11, GameNetVer: 0 (Checksum: 1030064032)
[2019.10.01-14.44.20:231][  0]LogPackageLocalizationCache: Processed 12 localized package path(s) for 1 prioritized culture(s) in 0.085762 seconds
[2019.10.01-14.44.20:240][  0]LogUObjectArray: 43444 objects as part of root set at end of initial load.
[2019.10.01-14.44.20:240][  0]LogUObjectAllocator: 7548648 out of 0 bytes used by permanent object pool.
[2019.10.01-14.44.20:240][  0]LogUObjectArray: CloseDisregardForGC: 0/0 objects in disregard for GC pool
[2019.10.01-14.44.25:301][  0]LogTcpMessaging: Initializing TcpMessaging bridge
[2019.10.01-14.44.25:338][  0]LogUdpMessaging: Initializing bridge on interface 0.0.0.0:0 to multicast group 230.0.0.1:6666.
[2019.10.01-14.44.25:938][  0]SourceControl: Source control is disabled
[2019.10.01-14.44.25:938][  0]SourceControl: Source control is disabled
[2019.10.01-14.44.25:996][  0]SourceControl: Source control is disabled
[2019.10.01-14.44.26:025][  0]SourceControl: Source control is disabled
[2019.10.01-14.44.27:221][  0]LogAndroidPermission: UAndroidPermissionCallbackProxy::GetInstance
[2019.10.01-14.44.27:976][  0]LogOcInput: OculusInput pre-init called
[2019.10.01-14.44.28:035][  0]LogWindows: Failed to load 'OVRPlugin.dll' (GetLastError=126)
[2019.10.01-14.44.28:035][  0]LogWindows: File 'OVRPlugin.dll' does not exist
[2019.10.01-14.44.28:363][  0]LogEngine: Initializing Engine...
[2019.10.01-14.44.28:364][  0]LogHMD: Failed to initialize OpenVR with code 110
[2019.10.01-14.44.28:365][  0]LogStats: UGameplayTagsManager::InitializeManager -  0.000 s
[2019.10.01-14.44.28:884][  0]LogInit: Initializing FReadOnlyCVARCache
[2019.10.01-14.44.28:933][  0]LogAIModule: Creating AISystem for world Untitled
[2019.10.01-14.44.28:976][  0]LogInit: XAudio2 using 'Speakers (Realtek High Definition Audio)' : 2 channels at 48 kHz using 32 bits per sample (channel mask 0x3)
[2019.10.01-14.44.29:007][  0]LogInit: FAudioDevice initialized.
[2019.10.01-14.44.29:007][  0]LogNetVersion: Set ProjectVersion to 1.0.0.0. Version Checksum will be recalculated on next use.
[2019.10.01-14.44.29:082][  0]LogDerivedDataCache: Saved boot cache 0.07s 73MB C:/Users/Owner/AppData/Local/UnrealEngine/4.23/DerivedDataCache/Boot.ddc.
[2019.10.01-14.44.29:093][  0]LogInit: Texture streaming: Enabled
[2019.10.01-14.44.29:191][  0]LogEngineSessionManager: EngineSessionManager initialized
[2019.10.01-14.44.29:312][  0]LogInit: Transaction tracking system initialized
[2019.10.01-14.44.29:510][  0]BlueprintLog: New page: Editor Load
[2019.10.01-14.44.30:463][  0]LocalizationService: Localization service is disabled
[2019.10.01-14.44.31:621][  0]LogFileCache: Scanning file cache for directory 'C:/Users/Owner/Documents/GitHub/2D-Side-Scroller/gamefile/CharsProject/Content/' took 0.01s
[2019.10.01-14.44.31:621][  0]LogCook: Display: Max memory allowance for cook 16384mb min free memory 0mb
[2019.10.01-14.44.31:621][  0]LogCook: Display: Mobile HDR setting 1
[2019.10.01-14.44.32:948][  0]SourceControl: Source control is disabled
[2019.10.01-14.44.32:948][  0]Cmd: MAP LOAD FILE="C:/Users/Owner/Documents/GitHub/2D-Side-Scroller/gamefile/CharsProject/Content/2DSideScrollerBP/Maps/2DSideScrollerExampleMap.umap" TEMPLATE=0 SHOWPROGRESS=1 FEATURELEVEL=3
[2019.10.01-14.44.32:948][  0]LightingResults: New page: Lighting Build
[2019.10.01-14.44.32:951][  0]LogWorld: UWorld::CleanupWorld for Untitled, bSessionEnded=true, bCleanupResources=true
[2019.10.01-14.44.32:952][  0]MapCheck: New page: Map Check
[2019.10.01-14.44.32:952][  0]LightingResults: New page: Lighting Build
[2019.10.01-14.44.32:973][  0]LogUObjectHash: Compacting FUObjectHashTables data took   1.98ms
[2019.10.01-14.44.34:262][  0]LogLinker: Warning: While loading 'C:/Users/Owner/Documents/GitHub/2D-Side-Scroller/gamefile/CharsProject/Content/2DSideScrollerBP/Blueprints/2DSideScrollerCharacter.uasset' failed to load '/Game/2DSideScrollerBP/Sound/344276__nsstudios__laser3': Can't find file.
[2019.10.01-14.44.34:262][  0]LogLinker: Warning: While loading 'C:/Users/Owner/Documents/GitHub/2D-Side-Scroller/gamefile/CharsProject/Content/2DSideScrollerBP/Blueprints/2DSideScrollerCharacter.uasset' failed to load '/Game/2DSideScrollerBP/Sound/344276__nsstudios__laser3': Can't find file.
[2019.10.01-14.44.34:269][  0]LogLinker: Warning: While loading 'C:/Users/Owner/Documents/GitHub/2D-Side-Scroller/gamefile/CharsProject/Content/2DSideScrollerBP/Blueprints/2DSideScrollerCharacter.uasset' failed to load '/Game/2DSideScrollerBP/Sound/344276__nsstudios__laser3': Can't find file.
[2019.10.01-14.44.34:269][  0]LogLinker: Warning: While loading 'C:/Users/Owner/Documents/GitHub/2D-Side-Scroller/gamefile/CharsProject/Content/2DSideScrollerBP/Blueprints/2DSideScrollerCharacter.uasset' failed to load '/Game/2DSideScrollerBP/Sound/344276__nsstudios__laser3': Can't find file.
[2019.10.01-14.44.34:270][  0]LogLinker: Warning: While loading 'C:/Users/Owner/Documents/GitHub/2D-Side-Scroller/gamefile/CharsProject/Content/2DSideScrollerBP/Maps/2DSideScrollerExampleMap.umap' failed to load '/Game/2DSideScrollerBP/Sound/344276__nsstudios__laser3': Can't find file.
[2019.10.01-14.44.34:270][  0]LogLinker: Warning: While loading 'C:/Users/Owner/Documents/GitHub/2D-Side-Scroller/gamefile/CharsProject/Content/2DSideScrollerBP/Maps/2DSideScrollerExampleMap.umap' failed to load '/Game/2DSideScrollerBP/Sound/344276__nsstudios__laser3': Can't find file.
[2019.10.01-14.44.34:270][  0]LogLinker: Warning: While loading 'C:/Users/Owner/Documents/GitHub/2D-Side-Scroller/gamefile/CharsProject/Content/2DSideScrollerBP/Maps/2DSideScrollerExampleMap.umap' failed to load '/Game/2DSideScrollerBP/Sound/344276__nsstudios__laser3': Can't find file.
[2019.10.01-14.44.34:270][  0]LogLinker: Warning: While loading 'C:/Users/Owner/Documents/GitHub/2D-Side-Scroller/gamefile/CharsProject/Content/2DSideScrollerBP/Maps/2DSideScrollerExampleMap.umap' failed to load '/Game/2DSideScrollerBP/Sound/344276__nsstudios__laser3': Can't find file.
[2019.10.01-14.44.34:274][  0]LogLinker: Warning: While loading 'C:/Users/Owner/Documents/GitHub/2D-Side-Scroller/gamefile/CharsProject/Content/2DSideScrollerBP/Maps/2DSideScrollerExampleMap.umap' failed to load '/Game/2DSideScrollerBP/Sound/344276__nsstudios__laser3': Can't find file.
[2019.10.01-14.44.34:274][  0]LoadErrors: Failed to load /Game/2DSideScrollerBP/Sound/344276__nsstudios__laser3.344276__nsstudios__laser3 Referenced by K2Node_CallFunction_1
[2019.10.01-14.44.34:274][  0]LogLinker: Warning: While loading 'C:/Users/Owner/Documents/GitHub/2D-Side-Scroller/gamefile/CharsProject/Content/2DSideScrollerBP/Maps/2DSideScrollerExampleMap.umap' failed to load '/Game/2DSideScrollerBP/Sound/344276__nsstudios__laser3': Can't find file.
[2019.10.01-14.44.34:274][  0]LoadErrors: Failed to load /Game/2DSideScrollerBP/Sound/344276__nsstudios__laser3.344276__nsstudios__laser3 Referenced by K2Node_CallFunction_1
[2019.10.01-14.44.34:421][  0]LogAIModule: Creating AISystem for world 2DSideScrollerExampleMap
[2019.10.01-14.44.34:432][  0]LogEditorServer: Finished looking for orphan Actors (0.000 secs)
[2019.10.01-14.44.34:461][  0]LogUObjectHash: Compacting FUObjectHashTables data took   2.21ms
[2019.10.01-14.44.34:461][  0]Cmd: MAP CHECKDEP NOCLEARLOG
[2019.10.01-14.44.34:461][  0]MapCheck: Map check complete: 0 Error(s), 0 Warning(s), took 0.181ms to complete.
[2019.10.01-14.44.34:461][  0]LogFileHelpers: Loading map '2DSideScrollerExampleMap' took 1.513
[2019.10.01-14.44.34:681][  0]LogSlate: Updating window title bar state: overlay mode, drag disabled, window buttons hidden, title bar hidden
[2019.10.01-14.44.34:696][  0]LogSlate: Updating window title bar state: overlay mode, drag disabled, window buttons hidden, title bar hidden
[2019.10.01-14.44.34:702][  0]LogSlate: Updating window title bar state: overlay mode, drag disabled, window buttons hidden, title bar hidden
[2019.10.01-14.44.34:708][  0]LogSlate: Updating window title bar state: overlay mode, drag disabled, window buttons hidden, title bar hidden
[2019.10.01-14.44.34:751][  0]LogCollectionManager: Loaded 0 collections in 0.002629 seconds
[2019.10.01-14.44.34:758][  0]LogFileCache: Scanning file cache for directory 'C:/Users/Owner/Documents/GitHub/2D-Side-Scroller/gamefile/CharsProject/Saved/Collections/' took 0.00s
[2019.10.01-14.44.34:758][  0]LogFileCache: Scanning file cache for directory 'C:/Users/Owner/Documents/GitHub/2D-Side-Scroller/gamefile/CharsProject/Content/Developers/Owner/Collections/' took 0.00s
[2019.10.01-14.44.34:758][  0]LogFileCache: Scanning file cache for directory 'C:/Users/Owner/Documents/GitHub/2D-Side-Scroller/gamefile/CharsProject/Content/Collections/' took 0.00s
[2019.10.01-14.44.34:758][  0]LogCollectionManager: Rebuilt the GUID cache for 0 collections in 0.000001 seconds
[2019.10.01-14.44.34:766][  0]LogContentBrowser: Native class hierarchy populated in 0.0076 seconds. Added 2863 classes and 680 folders.
[2019.10.01-14.44.34:773][  0]LogContentBrowser: Native class hierarchy updated for 'WidgetCarousel' in 0.0002 seconds. Added 0 classes and 0 folders.
[2019.10.01-14.44.35:108][  0]LogContentBrowser: Native class hierarchy updated for 'AddContentDialog' in 0.0004 seconds. Added 0 classes and 0 folders.
[2019.10.01-14.44.35:141][  0]LogContentBrowser: Native class hierarchy updated for 'SceneOutliner' in 0.0003 seconds. Added 1 classes and 2 folders.
[2019.10.01-14.44.35:161][  0]LogSlate: Took 0.006551 seconds to synchronously load lazily loaded font '../../../Engine/Content/Slate/Fonts/Roboto-Regular.ttf' (155K)
[2019.10.01-14.44.35:167][  0]LogSlate: Took 0.004888 seconds to synchronously load lazily loaded font '../../../Engine/Content/Slate/Fonts/Roboto-Bold.ttf' (160K)
[2019.10.01-14.44.35:176][  0]LogSlate: Took 0.004866 seconds to synchronously load lazily loaded font '../../../Engine/Content/Editor/Slate/Fonts/FontAwesome.ttf' (139K)
[2019.10.01-14.44.35:299][  0]LogRenderer: Reallocating scene render targets to support 1208x572 Format 10 NumSamples 1 (Frame:1).
[2019.10.01-14.44.35:472][  0]LogContentBrowser: Native class hierarchy updated for 'HierarchicalLODOutliner' in 0.0002 seconds. Added 0 classes and 0 folders.
[2019.10.01-14.44.35:473][  0]LogLoad: (Engine Initialization) Total time: 29.85 seconds
[2019.10.01-14.44.35:473][  0]LogLoad: (Engine Initialization) Total Blueprint compile time: 0.00 seconds
[2019.10.01-14.44.35:535][  0]LogContentStreaming: Texture pool size now 1000 MB
[2019.10.01-14.44.35:537][  0]LogSlate: FSceneViewport::OnFocusLost() reason 5
[2019.10.01-14.44.36:441][ 13]LogAssetRegistry: Asset discovery search completed in 18.5785 seconds
[2019.10.01-14.44.36:445][ 13]LogCollectionManager: Rebuilt the object cache for 0 collections in 0.000005 seconds (found 0 objects)
[2019.10.01-14.44.36:445][ 13]LogCollectionManager: Fixed up redirectors for 0 collections in 0.000081 seconds (updated 0 objects)
[2019.10.01-14.44.39:767][ 23]LogSlate: Took 0.004702 seconds to synchronously load lazily loaded font '../../../Engine/Content/Slate/Fonts/Roboto-Light.ttf' (167K)
[2019.10.01-14.44.53:560][804]LogSlate: Window 'Message Log' being destroyed
[2019.10.01-14.44.53:564][804]LogSlate: Window 'Message Log' being destroyed
[2019.10.01-14.44.54:444][910]LogSlate: FSceneViewport::OnFocusLost() reason 0
[2019.10.01-14.44.55:701][ 60]LogLinker: Warning: While loading 'C:/Users/Owner/Documents/GitHub/2D-Side-Scroller/gamefile/CharsProject/Content/2DSideScrollerBP/Sprites/Background/Space_Background_Small_Sprite.uasset' failed to load '/Game/2DSideScrollerBP/Sprites/Background/Space_Background_Small': Can't find file.
[2019.10.01-14.44.55:701][ 60]LogLinker: Warning: While loading 'C:/Users/Owner/Documents/GitHub/2D-Side-Scroller/gamefile/CharsProject/Content/2DSideScrollerBP/Sprites/Background/Space_Background_Small_Sprite.uasset' failed to load '/Game/2DSideScrollerBP/Sprites/Background/Space_Background_Small': Can't find file.
[2019.10.01-14.44.55:701][ 60]LogLinker: Warning: While loading 'C:/Users/Owner/Documents/GitHub/2D-Side-Scroller/gamefile/CharsProject/Content/2DSideScrollerBP/Sprites/Background/Space_Background_Small_Sprite.uasset' failed to load '/Game/2DSideScrollerBP/Sprites/Background/Space_Background_Small': Can't find file.
[2019.10.01-14.44.55:702][ 60]LogLinker: Warning: While loading 'C:/Users/Owner/Documents/GitHub/2D-Side-Scroller/gamefile/CharsProject/Content/2DSideScrollerBP/Sprites/Background/Space_Background_Small_Sprite.uasset' failed to load '/Game/2DSideScrollerBP/Sprites/Background/Space_Background_Small': Can't find file.
[2019.10.01-14.44.55:702][ 60]LogLinker: Warning: While loading 'C:/Users/Owner/Documents/GitHub/2D-Side-Scroller/gamefile/CharsProject/Content/2DSideScrollerBP/Sprites/Background/Space_Background_Small_Sprite.uasset' failed to load '/Game/2DSideScrollerBP/Sprites/Background/Space_Background_Small': Can't find file.
[2019.10.01-14.44.55:702][ 60]LoadErrors: Failed to load /Game/2DSideScrollerBP/Sprites/Background/Space_Background_Small.Space_Background_Small Referenced by Space_Background_Small_Sprite
[2019.10.01-14.44.55:702][ 60]LogLinker: Warning: While loading 'C:/Users/Owner/Documents/GitHub/2D-Side-Scroller/gamefile/CharsProject/Content/2DSideScrollerBP/Sprites/Background/Space_Background_Small_Sprite.uasset' failed to load '/Game/2DSideScrollerBP/Sprites/Background/Space_Background_Small': Can't find file.
[2019.10.01-14.44.55:728][ 60]LogUObjectHash: Compacting FUObjectHashTables data took   0.86ms
[2019.10.01-14.44.56:690][ 60]LogSlate: Window 'Delete Assets' being destroyed
[2019.10.01-14.44.56:698][ 60]LogSlate: Took 0.000223 seconds to synchronously load lazily loaded font '../../../Engine/Content/Slate/Fonts/Roboto-Light.ttf' (167K)
[2019.10.01-14.44.56:764][ 60]LogUObjectHash: Compacting FUObjectHashTables data took   0.67ms
[2019.10.01-14.44.56:795][ 60]LogUObjectHash: Compacting FUObjectHashTables data took   0.58ms
[2019.10.01-14.44.56:821][ 60]LogUObjectHash: Compacting FUObjectHashTables data took   0.58ms
[2019.10.01-14.44.59:406][369]LogTemp: Repeating last play command: New Editor Window (PIE)
[2019.10.01-14.44.59:419][369]LogBlueprintUserMessages: Early PlayInEditor Detection: Level '/Game/2DSideScrollerBP/Maps/2DSideScrollerExampleMap.2DSideScrollerExampleMap:PersistentLevel' has LevelScriptBlueprint '/Game/2DSideScrollerBP/Maps/2DSideScrollerExampleMap.2DSideScrollerExampleMap:PersistentLevel.2DSideScrollerExampleMap' with GeneratedClass '/Game/2DSideScrollerBP/Maps/2DSideScrollerExampleMap.2DSideScrollerExampleMap_C' with ClassGeneratedBy '/Game/2DSideScrollerBP/Maps/2DSideScrollerExampleMap.2DSideScrollerExampleMap:PersistentLevel.2DSideScrollerExampleMap'
[2019.10.01-14.44.59:419][369]LogPlayLevel: PlayLevel: No blueprints needed recompiling
[2019.10.01-14.44.59:420][369]PIE: New page: PIE session: 2DSideScrollerExampleMap (1 Oct 2019 16:44:59)
[2019.10.01-14.44.59:421][369]LogOnline: OSS: Creating online subsystem instance for: NULL
[2019.10.01-14.44.59:421][369]LogPlayLevel: Creating play world package: /Game/2DSideScrollerBP/Maps/UEDPIE_0_2DSideScrollerExampleMap
[2019.10.01-14.44.59:426][369]LogPlayLevel: PIE: StaticDuplicateObject took: (0.003917s)
[2019.10.01-14.44.59:426][369]LogAIModule: Creating AISystem for world 2DSideScrollerExampleMap
[2019.10.01-14.44.59:427][369]LogPlayLevel: PIE: World Init took: (0.000913s)
[2019.10.01-14.44.59:427][369]LogPlayLevel: PIE: Created PIE world by copying editor world from /Game/2DSideScrollerBP/Maps/2DSideScrollerExampleMap.2DSideScrollerExampleMap to /Game/2DSideScrollerBP/Maps/UEDPIE_0_2DSideScrollerExampleMap.2DSideScrollerExampleMap (0.005174s)
[2019.10.01-14.44.59:453][369]LogUObjectHash: Compacting FUObjectHashTables data took   1.31ms
[2019.10.01-14.44.59:486][369]LogInit: XAudio2 using 'Speakers (Realtek High Definition Audio)' : 2 channels at 48 kHz using 32 bits per sample (channel mask 0x3)
[2019.10.01-14.44.59:507][369]LogInit: FAudioDevice initialized.
[2019.10.01-14.44.59:514][369]LogSlate: Updating window title bar state: overlay mode, drag disabled, window buttons hidden, title bar hidden
[2019.10.01-14.44.59:515][369]LogLoad: Game class is '2DSideScrollerGameMode_C'
[2019.10.01-14.44.59:517][369]LogWorld: Bringing World /Game/2DSideScrollerBP/Maps/UEDPIE_0_2DSideScrollerExampleMap.2DSideScrollerExampleMap up for play (max tick rate 0) at 2019.10.01-15.44.59
[2019.10.01-14.44.59:517][369]LogWorld: Bringing up level for play took: 0.001233
[2019.10.01-14.44.59:517][369]LogOnline: OSS: Creating online subsystem instance for: :Context_1
[2019.10.01-14.44.59:526][369]LogContentBrowser: Native class hierarchy updated for 'MovieSceneCapture' in 0.0003 seconds. Added 20 classes and 0 folders.
[2019.10.01-14.44.59:529][369]PIE: Play in editor start time for /Game/2DSideScrollerBP/Maps/UEDPIE_0_2DSideScrollerExampleMap -0.435
[2019.10.01-14.44.59:529][369]LogBlueprintUserMessages: Late PlayInEditor Detection: Level '/Game/2DSideScrollerBP/Maps/2DSideScrollerExampleMap.2DSideScrollerExampleMap:PersistentLevel' has LevelScriptBlueprint '/Game/2DSideScrollerBP/Maps/2DSideScrollerExampleMap.2DSideScrollerExampleMap:PersistentLevel.2DSideScrollerExampleMap' with GeneratedClass '/Game/2DSideScrollerBP/Maps/2DSideScrollerExampleMap.2DSideScrollerExampleMap_C' with ClassGeneratedBy '/Game/2DSideScrollerBP/Maps/2DSideScrollerExampleMap.2DSideScrollerExampleMap:PersistentLevel.2DSideScrollerExampleMap'
[2019.10.01-14.44.59:550][370]LogRenderer: Reallocating scene render targets to support 1280x720 Format 10 NumSamples 1 (Frame:1).
[2019.10.01-14.45.07:750][351]LogBlueprintUserMessages: Early EndPlayMap Detection: Level '/Game/2DSideScrollerBP/Maps/2DSideScrollerExampleMap.2DSideScrollerExampleMap:PersistentLevel' has LevelScriptBlueprint '/Game/2DSideScrollerBP/Maps/2DSideScrollerExampleMap.2DSideScrollerExampleMap:PersistentLevel.2DSideScrollerExampleMap' with GeneratedClass '/Game/2DSideScrollerBP/Maps/2DSideScrollerExampleMap.2DSideScrollerExampleMap_C' with ClassGeneratedBy '/Game/2DSideScrollerBP/Maps/2DSideScrollerExampleMap.2DSideScrollerExampleMap:PersistentLevel.2DSideScrollerExampleMap'
[2019.10.01-14.45.07:750][351]LogSlate: Updating window title bar state: overlay mode, drag disabled, window buttons hidden, title bar hidden
[2019.10.01-14.45.07:750][351]LogWorld: BeginTearingDown for /Game/2DSideScrollerBP/Maps/UEDPIE_0_2DSideScrollerExampleMap
[2019.10.01-14.45.07:763][351]LogSlate: Window 'CharsProject Game Preview Standalone (64-bit/PCD3D_SM5)' being destroyed
[2019.10.01-14.45.07:767][351]LogWorld: UWorld::CleanupWorld for 2DSideScrollerExampleMap, bSessionEnded=true, bCleanupResources=true
[2019.10.01-14.45.07:774][351]LogPlayLevel: Display: Shutting down PIE online subsystems
[2019.10.01-14.45.07:775][351]LogBlueprintUserMessages: Late EndPlayMap Detection: Level '/Game/2DSideScrollerBP/Maps/2DSideScrollerExampleMap.2DSideScrollerExampleMap:PersistentLevel' has LevelScriptBlueprint '/Game/2DSideScrollerBP/Maps/2DSideScrollerExampleMap.2DSideScrollerExampleMap:PersistentLevel.2DSideScrollerExampleMap' with GeneratedClass '/Game/2DSideScrollerBP/Maps/2DSideScrollerExampleMap.2DSideScrollerExampleMap_C' with ClassGeneratedBy '/Game/2DSideScrollerBP/Maps/2DSideScrollerExampleMap.2DSideScrollerExampleMap:PersistentLevel.2DSideScrollerExampleMap'
[2019.10.01-14.45.07:808][351]LogUObjectHash: Compacting FUObjectHashTables data took   1.56ms
[2019.10.01-14.45.07:850][355]LogPlayLevel: Display: Destroying online subsystem :Context_1
[2019.10.01-14.45.08:734][461]LogEditorViewport: Clicking on Actor (LMB): PaperSpriteActor (RightEdge)
[2019.10.01-14.45.09:968][602]Cmd: DELETE
[2019.10.01-14.45.09:968][602]Cmd: ACTOR DELETE
[2019.10.01-14.45.09:972][602]LogEditorActor: Deleted Actor: PaperSpriteActor
[2019.10.01-14.45.09:998][602]LogUObjectHash: Compacting FUObjectHashTables data took   0.61ms
[2019.10.01-14.45.09:998][602]LogEditorActor: Deleted 1 Actors (0.030 secs)
[2019.10.01-14.45.11:280][753]LogEditorViewport: Clicking on Actor (LMB): PaperSpriteActor (LeftEdge)
[2019.10.01-14.45.11:591][786]Cmd: DELETE
[2019.10.01-14.45.11:592][786]Cmd: ACTOR DELETE
[2019.10.01-14.45.11:593][786]LogEditorActor: Deleted Actor: PaperSpriteActor
[2019.10.01-14.45.11:619][786]LogUObjectHash: Compacting FUObjectHashTables data took   0.63ms
[2019.10.01-14.45.11:619][786]LogEditorActor: Deleted 1 Actors (0.027 secs)
[2019.10.01-14.45.12:219][858]LogSlate: FSceneViewport::OnFocusLost() reason 0
[2019.10.01-14.45.12:286][866]LogTemp: Repeating last play command: New Editor Window (PIE)
[2019.10.01-14.45.12:298][866]LogBlueprintUserMessages: Early PlayInEditor Detection: Level '/Game/2DSideScrollerBP/Maps/2DSideScrollerExampleMap.2DSideScrollerExampleMap:PersistentLevel' has LevelScriptBlueprint '/Game/2DSideScrollerBP/Maps/2DSideScrollerExampleMap.2DSideScrollerExampleMap:PersistentLevel.2DSideScrollerExampleMap' with GeneratedClass '/Game/2DSideScrollerBP/Maps/2DSideScrollerExampleMap.2DSideScrollerExampleMap_C' with ClassGeneratedBy '/Game/2DSideScrollerBP/Maps/2DSideScrollerExampleMap.2DSideScrollerExampleMap:PersistentLevel.2DSideScrollerExampleMap'
[2019.10.01-14.45.12:298][866]LogPlayLevel: PlayLevel: No blueprints needed recompiling
[2019.10.01-14.45.12:298][866]PIE: New page: PIE session: 2DSideScrollerExampleMap (1 Oct 2019 16:45:12)
[2019.10.01-14.45.12:298][866]LogPlayLevel: Creating play world package: /Game/2DSideScrollerBP/Maps/UEDPIE_0_2DSideScrollerExampleMap
[2019.10.01-14.45.12:301][866]LogPlayLevel: PIE: StaticDuplicateObject took: (0.002928s)
[2019.10.01-14.45.12:302][866]LogAIModule: Creating AISystem for world 2DSideScrollerExampleMap
[2019.10.01-14.45.12:302][866]LogPlayLevel: PIE: World Init took: (0.000919s)
[2019.10.01-14.45.12:302][866]LogPlayLevel: PIE: Created PIE world by copying editor world from /Game/2DSideScrollerBP/Maps/2DSideScrollerExampleMap.2DSideScrollerExampleMap to /Game/2DSideScrollerBP/Maps/UEDPIE_0_2DSideScrollerExampleMap.2DSideScrollerExampleMap (0.003962s)
[2019.10.01-14.45.12:329][866]LogUObjectHash: Compacting FUObjectHashTables data took   1.37ms
[2019.10.01-14.45.12:363][866]LogInit: XAudio2 using 'Speakers (Realtek High Definition Audio)' : 2 channels at 48 kHz using 32 bits per sample (channel mask 0x3)
[2019.10.01-14.45.12:384][866]LogInit: FAudioDevice initialized.
[2019.10.01-14.45.12:391][866]LogSlate: Updating window title bar state: overlay mode, drag disabled, window buttons hidden, title bar hidden
[2019.10.01-14.45.12:391][866]LogLoad: Game class is '2DSideScrollerGameMode_C'
[2019.10.01-14.45.12:393][866]LogWorld: Bringing World /Game/2DSideScrollerBP/Maps/UEDPIE_0_2DSideScrollerExampleMap.2DSideScrollerExampleMap up for play (max tick rate 0) at 2019.10.01-15.45.12
[2019.10.01-14.45.12:393][866]LogWorld: Bringing up level for play took: 0.001057
[2019.10.01-14.45.12:393][866]LogOnline: OSS: Creating online subsystem instance for: :Context_3
[2019.10.01-14.45.12:397][866]PIE: Play in editor start time for /Game/2DSideScrollerBP/Maps/UEDPIE_0_2DSideScrollerExampleMap 0.433
[2019.10.01-14.45.12:397][866]LogBlueprintUserMessages: Late PlayInEditor Detection: Level '/Game/2DSideScrollerBP/Maps/2DSideScrollerExampleMap.2DSideScrollerExampleMap:PersistentLevel' has LevelScriptBlueprint '/Game/2DSideScrollerBP/Maps/2DSideScrollerExampleMap.2DSideScrollerExampleMap:PersistentLevel.2DSideScrollerExampleMap' with GeneratedClass '/Game/2DSideScrollerBP/Maps/2DSideScrollerExampleMap.2DSideScrollerExampleMap_C' with ClassGeneratedBy '/Game/2DSideScrollerBP/Maps/2DSideScrollerExampleMap.2DSideScrollerExampleMap:PersistentLevel.2DSideScrollerExampleMap'
[2019.10.01-14.45.17:951][530]LogBlueprintUserMessages: Early EndPlayMap Detection: Level '/Game/2DSideScrollerBP/Maps/2DSideScrollerExampleMap.2DSideScrollerExampleMap:PersistentLevel' has LevelScriptBlueprint '/Game/2DSideScrollerBP/Maps/2DSideScrollerExampleMap.2DSideScrollerExampleMap:PersistentLevel.2DSideScrollerExampleMap' with GeneratedClass '/Game/2DSideScrollerBP/Maps/2DSideScrollerExampleMap.2DSideScrollerExampleMap_C' with ClassGeneratedBy '/Game/2DSideScrollerBP/Maps/2DSideScrollerExampleMap.2DSideScrollerExampleMap:PersistentLevel.2DSideScrollerExampleMap'
[2019.10.01-14.45.17:951][530]LogSlate: Updating window title bar state: overlay mode, drag disabled, window buttons hidden, title bar hidden
[2019.10.01-14.45.17:951][530]LogWorld: BeginTearingDown for /Game/2DSideScrollerBP/Maps/UEDPIE_0_2DSideScrollerExampleMap
[2019.10.01-14.45.17:964][530]LogSlate: Window 'CharsProject Game Preview Standalone (64-bit/PCD3D_SM5)' being destroyed
[2019.10.01-14.45.17:968][530]LogWorld: UWorld::CleanupWorld for 2DSideScrollerExampleMap, bSessionEnded=true, bCleanupResources=true
[2019.10.01-14.45.17:977][530]LogPlayLevel: Display: Shutting down PIE online subsystems
[2019.10.01-14.45.17:977][530]LogBlueprintUserMessages: Late EndPlayMap Detection: Level '/Game/2DSideScrollerBP/Maps/2DSideScrollerExampleMap.2DSideScrollerExampleMap:PersistentLevel' has LevelScriptBlueprint '/Game/2DSideScrollerBP/Maps/2DSideScrollerExampleMap.2DSideScrollerExampleMap:PersistentLevel.2DSideScrollerExampleMap' with GeneratedClass '/Game/2DSideScrollerBP/Maps/2DSideScrollerExampleMap.2DSideScrollerExampleMap_C' with ClassGeneratedBy '/Game/2DSideScrollerBP/Maps/2DSideScrollerExampleMap.2DSideScrollerExampleMap:PersistentLevel.2DSideScrollerExampleMap'
[2019.10.01-14.45.18:010][530]LogUObjectHash: Compacting FUObjectHashTables data took   1.47ms
[2019.10.01-14.45.18:058][535]LogPlayLevel: Display: Destroying online subsystem :Context_3
[2019.10.01-14.45.19:579][717]LogEditorViewport: Clicking on Actor (LMB): 2DSideScrollerCharacter_C (2DSideScrollerCharacter)
[2019.10.01-14.45.21:475][932]LogSlate: FSceneViewport::OnFocusLost() reason 5
[2019.10.01-14.45.26:476][509]LogSlate: Window 'Color Picker' being destroyed
[2019.10.01-14.45.27:144][588]LogSlate: FSceneViewport::OnFocusLost() reason 0
[2019.10.01-14.45.27:579][640]LogTemp: Repeating last play command: New Editor Window (PIE)
[2019.10.01-14.45.27:593][640]LogBlueprintUserMessages: Early PlayInEditor Detection: Level '/Game/2DSideScrollerBP/Maps/2DSideScrollerExampleMap.2DSideScrollerExampleMap:PersistentLevel' has LevelScriptBlueprint '/Game/2DSideScrollerBP/Maps/2DSideScrollerExampleMap.2DSideScrollerExampleMap:PersistentLevel.2DSideScrollerExampleMap' with GeneratedClass '/Game/2DSideScrollerBP/Maps/2DSideScrollerExampleMap.2DSideScrollerExampleMap_C' with ClassGeneratedBy '/Game/2DSideScrollerBP/Maps/2DSideScrollerExampleMap.2DSideScrollerExampleMap:PersistentLevel.2DSideScrollerExampleMap'
[2019.10.01-14.45.27:593][640]LogPlayLevel: PlayLevel: No blueprints needed recompiling
[2019.10.01-14.45.27:593][640]PIE: New page: PIE session: 2DSideScrollerExampleMap (1 Oct 2019 16:45:27)
[2019.10.01-14.45.27:593][640]LogPlayLevel: Creating play world package: /Game/2DSideScrollerBP/Maps/UEDPIE_0_2DSideScrollerExampleMap
[2019.10.01-14.45.27:596][640]LogPlayLevel: PIE: StaticDuplicateObject took: (0.003096s)
[2019.10.01-14.45.27:597][640]LogAIModule: Creating AISystem for world 2DSideScrollerExampleMap
[2019.10.01-14.45.27:597][640]LogPlayLevel: PIE: World Init took: (0.001080s)
[2019.10.01-14.45.27:597][640]LogPlayLevel: PIE: Created PIE world by copying editor world from /Game/2DSideScrollerBP/Maps/2DSideScrollerExampleMap.2DSideScrollerExampleMap to /Game/2DSideScrollerBP/Maps/UEDPIE_0_2DSideScrollerExampleMap.2DSideScrollerExampleMap (0.004315s)
[2019.10.01-14.45.27:624][640]LogUObjectHash: Compacting FUObjectHashTables data took   1.46ms
[2019.10.01-14.45.27:656][640]LogInit: XAudio2 using 'Speakers (Realtek High Definition Audio)' : 2 channels at 48 kHz using 32 bits per sample (channel mask 0x3)
[2019.10.01-14.45.27:678][640]LogInit: FAudioDevice initialized.
[2019.10.01-14.45.27:684][640]LogSlate: Updating window title bar state: overlay mode, drag disabled, window buttons hidden, title bar hidden
[2019.10.01-14.45.27:684][640]LogLoad: Game class is '2DSideScrollerGameMode_C'
[2019.10.01-14.45.27:686][640]LogWorld: Bringing World /Game/2DSideScrollerBP/Maps/UEDPIE_0_2DSideScrollerExampleMap.2DSideScrollerExampleMap up for play (max tick rate 0) at 2019.10.01-15.45.27
[2019.10.01-14.45.27:686][640]LogWorld: Bringing up level for play took: 0.001004
[2019.10.01-14.45.27:686][640]LogOnline: OSS: Creating online subsystem instance for: :Context_4
[2019.10.01-14.45.27:690][640]PIE: Play in editor start time for /Game/2DSideScrollerBP/Maps/UEDPIE_0_2DSideScrollerExampleMap -0.274
[2019.10.01-14.45.27:690][640]LogBlueprintUserMessages: Late PlayInEditor Detection: Level '/Game/2DSideScrollerBP/Maps/2DSideScrollerExampleMap.2DSideScrollerExampleMap:PersistentLevel' has LevelScriptBlueprint '/Game/2DSideScrollerBP/Maps/2DSideScrollerExampleMap.2DSideScrollerExampleMap:PersistentLevel.2DSideScrollerExampleMap' with GeneratedClass '/Game/2DSideScrollerBP/Maps/2DSideScrollerExampleMap.2DSideScrollerExampleMap_C' with ClassGeneratedBy '/Game/2DSideScrollerBP/Maps/2DSideScrollerExampleMap.2DSideScrollerExampleMap:PersistentLevel.2DSideScrollerExampleMap'
[2019.10.01-14.45.32:392][191]LogBlueprintUserMessages: Early EndPlayMap Detection: Level '/Game/2DSideScrollerBP/Maps/2DSideScrollerExampleMap.2DSideScrollerExampleMap:PersistentLevel' has LevelScriptBlueprint '/Game/2DSideScrollerBP/Maps/2DSideScrollerExampleMap.2DSideScrollerExampleMap:PersistentLevel.2DSideScrollerExampleMap' with GeneratedClass '/Game/2DSideScrollerBP/Maps/2DSideScrollerExampleMap.2DSideScrollerExampleMap_C' with ClassGeneratedBy '/Game/2DSideScrollerBP/Maps/2DSideScrollerExampleMap.2DSideScrollerExampleMap:PersistentLevel.2DSideScrollerExampleMap'
[2019.10.01-14.45.32:392][191]LogSlate: Updating window title bar state: overlay mode, drag disabled, window buttons hidden, title bar hidden
[2019.10.01-14.45.32:392][191]LogWorld: BeginTearingDown for /Game/2DSideScrollerBP/Maps/UEDPIE_0_2DSideScrollerExampleMap
[2019.10.01-14.45.32:404][191]LogSlate: Window 'CharsProject Game Preview Standalone (64-bit/PCD3D_SM5)' being destroyed
[2019.10.01-14.45.32:407][191]LogWorld: UWorld::CleanupWorld for 2DSideScrollerExampleMap, bSessionEnded=true, bCleanupResources=true
[2019.10.01-14.45.32:418][191]LogPlayLevel: Display: Shutting down PIE online subsystems
[2019.10.01-14.45.32:418][191]LogBlueprintUserMessages: Late EndPlayMap Detection: Level '/Game/2DSideScrollerBP/Maps/2DSideScrollerExampleMap.2DSideScrollerExampleMap:PersistentLevel' has LevelScriptBlueprint '/Game/2DSideScrollerBP/Maps/2DSideScrollerExampleMap.2DSideScrollerExampleMap:PersistentLevel.2DSideScrollerExampleMap' with GeneratedClass '/Game/2DSideScrollerBP/Maps/2DSideScrollerExampleMap.2DSideScrollerExampleMap_C' with ClassGeneratedBy '/Game/2DSideScrollerBP/Maps/2DSideScrollerExampleMap.2DSideScrollerExampleMap:PersistentLevel.2DSideScrollerExampleMap'
[2019.10.01-14.45.32:450][191]LogUObjectHash: Compacting FUObjectHashTables data took   1.34ms
[2019.10.01-14.45.32:492][195]LogPlayLevel: Display: Destroying online subsystem :Context_4
[2019.10.01-14.45.47:316][228]LogFactory: FactoryCreateFile: SoundWave with ReimportSoundFactory (0 0 C:/Users/Owner/Downloads/344276__nsstudios__laser3.wav)
[2019.10.01-14.46.00:202][759]LogAssetEditorManager: Opening Asset editor for Blueprint /Game/2DSideScrollerBP/Blueprints/2DSideScrollerCharacter.2DSideScrollerCharacter
[2019.10.01-14.46.00:511][759]LogContentBrowser: Native class hierarchy updated for 'BlueprintGraph' in 0.0005 seconds. Added 121 classes and 0 folders.
[2019.10.01-14.46.01:531][759]LogSlate: Took 0.004421 seconds to synchronously load lazily loaded font '../../../Engine/Content/Slate/Fonts/Roboto-BoldCondensed.ttf' (158K)
[2019.10.01-14.46.02:494][847]LogSlate: Took 0.007394 seconds to synchronously load lazily loaded font '../../../Engine/Content/Slate/Fonts/Roboto-Italic.ttf' (157K)
[2019.10.01-14.46.54:483][619]BlueprintLog: New page: Compile 2DSideScrollerCharacter
[2019.10.01-14.46.54:680][619]LogUObjectHash: Compacting FUObjectHashTables data took   3.56ms
[2019.10.01-14.46.56:108][756]LogSavePackage: Moving 'C:/Users/Owner/Documents/GitHub/2D-Side-Scroller/gamefile/CharsProject/Saved/2DSideScrollerCharacterCED6EF434E5B606FB6A44390C96C90F4.tmp' to 'C:/Users/Owner/Documents/GitHub/2D-Side-Scroller/gamefile/CharsProject/Content/2DSideScrollerBP/Blueprints/2DSideScrollerCharacter.uasset'
[2019.10.01-14.46.59:123][100]LogTemp: Repeating last play command: New Editor Window (PIE)
[2019.10.01-14.46.59:135][100]LogBlueprintUserMessages: Early PlayInEditor Detection: Level '/Game/2DSideScrollerBP/Maps/2DSideScrollerExampleMap.2DSideScrollerExampleMap:PersistentLevel' has LevelScriptBlueprint '/Game/2DSideScrollerBP/Maps/2DSideScrollerExampleMap.2DSideScrollerExampleMap:PersistentLevel.2DSideScrollerExampleMap' with GeneratedClass '/Game/2DSideScrollerBP/Maps/2DSideScrollerExampleMap.2DSideScrollerExampleMap_C' with ClassGeneratedBy '/Game/2DSideScrollerBP/Maps/2DSideScrollerExampleMap.2DSideScrollerExampleMap:PersistentLevel.2DSideScrollerExampleMap'
[2019.10.01-14.46.59:135][100]LogPlayLevel: PlayLevel: No blueprints needed recompiling
[2019.10.01-14.46.59:135][100]PIE: New page: PIE session: 2DSideScrollerExampleMap (1 Oct 2019 16:46:59)
[2019.10.01-14.46.59:135][100]LogPlayLevel: Creating play world package: /Game/2DSideScrollerBP/Maps/UEDPIE_0_2DSideScrollerExampleMap
[2019.10.01-14.46.59:138][100]LogPlayLevel: PIE: StaticDuplicateObject took: (0.002809s)
[2019.10.01-14.46.59:139][100]LogAIModule: Creating AISystem for world 2DSideScrollerExampleMap
[2019.10.01-14.46.59:139][100]LogPlayLevel: PIE: World Init took: (0.000914s)
[2019.10.01-14.46.59:139][100]LogPlayLevel: PIE: Created PIE world by copying editor world from /Game/2DSideScrollerBP/Maps/2DSideScrollerExampleMap.2DSideScrollerExampleMap to /Game/2DSideScrollerBP/Maps/UEDPIE_0_2DSideScrollerExampleMap.2DSideScrollerExampleMap (0.003840s)
[2019.10.01-14.46.59:176][100]LogUObjectHash: Compacting FUObjectHashTables data took   2.85ms
[2019.10.01-14.46.59:210][100]LogInit: XAudio2 using 'Speakers (Realtek High Definition Audio)' : 2 channels at 48 kHz using 32 bits per sample (channel mask 0x3)
[2019.10.01-14.46.59:233][100]LogInit: FAudioDevice initialized.
[2019.10.01-14.46.59:239][100]LogSlate: Updating window title bar state: overlay mode, drag disabled, window buttons hidden, title bar hidden
[2019.10.01-14.46.59:240][100]LogLoad: Game class is '2DSideScrollerGameMode_C'
[2019.10.01-14.46.59:241][100]LogWorld: Bringing World /Game/2DSideScrollerBP/Maps/UEDPIE_0_2DSideScrollerExampleMap.2DSideScrollerExampleMap up for play (max tick rate 0) at 2019.10.01-15.46.59
[2019.10.01-14.46.59:241][100]LogWorld: Bringing up level for play took: 0.000983
[2019.10.01-14.46.59:241][100]LogOnline: OSS: Creating online subsystem instance for: :Context_6
[2019.10.01-14.46.59:247][100]PIE: Play in editor start time for /Game/2DSideScrollerBP/Maps/UEDPIE_0_2DSideScrollerExampleMap -0.718
[2019.10.01-14.46.59:247][100]LogBlueprintUserMessages: Late PlayInEditor Detection: Level '/Game/2DSideScrollerBP/Maps/2DSideScrollerExampleMap.2DSideScrollerExampleMap:PersistentLevel' has LevelScriptBlueprint '/Game/2DSideScrollerBP/Maps/2DSideScrollerExampleMap.2DSideScrollerExampleMap:PersistentLevel.2DSideScrollerExampleMap' with GeneratedClass '/Game/2DSideScrollerBP/Maps/2DSideScrollerExampleMap.2DSideScrollerExampleMap_C' with ClassGeneratedBy '/Game/2DSideScrollerBP/Maps/2DSideScrollerExampleMap.2DSideScrollerExampleMap:PersistentLevel.2DSideScrollerExampleMap'
[2019.10.01-14.47.00:032][191]LogAudioDerivedData: Display: Building compressed audio format OGG hash OGG wave 344276__nsstudios__laser3...
[2019.10.01-14.47.00:050][191]LogAudioDerivedData: Display: Updated SoundWave->RawPCMDataSize from 0 to 55568 while cooking SoundWave /Game/2DSideScrollerBP/Sound/344276__nsstudios__laser3.344276__nsstudios__laser3.
[2019.10.01-14.47.05:524][845]LogBlueprintUserMessages: Early EndPlayMap Detection: Level '/Game/2DSideScrollerBP/Maps/2DSideScrollerExampleMap.2DSideScrollerExampleMap:PersistentLevel' has LevelScriptBlueprint '/Game/2DSideScrollerBP/Maps/2DSideScrollerExampleMap.2DSideScrollerExampleMap:PersistentLevel.2DSideScrollerExampleMap' with GeneratedClass '/Game/2DSideScrollerBP/Maps/2DSideScrollerExampleMap.2DSideScrollerExampleMap_C' with ClassGeneratedBy '/Game/2DSideScrollerBP/Maps/2DSideScrollerExampleMap.2DSideScrollerExampleMap:PersistentLevel.2DSideScrollerExampleMap'
[2019.10.01-14.47.05:525][845]LogSlate: Updating window title bar state: overlay mode, drag disabled, window buttons hidden, title bar hidden
[2019.10.01-14.47.05:525][845]LogWorld: BeginTearingDown for /Game/2DSideScrollerBP/Maps/UEDPIE_0_2DSideScrollerExampleMap
[2019.10.01-14.47.05:538][845]LogSlate: Window 'CharsProject Game Preview Standalone (64-bit/PCD3D_SM5)' being destroyed
[2019.10.01-14.47.05:542][845]LogWorld: UWorld::CleanupWorld for 2DSideScrollerExampleMap, bSessionEnded=true, bCleanupResources=true
[2019.10.01-14.47.05:559][845]LogPlayLevel: Display: Shutting down PIE online subsystems
[2019.10.01-14.47.05:559][845]LogBlueprintUserMessages: Late EndPlayMap Detection: Level '/Game/2DSideScrollerBP/Maps/2DSideScrollerExampleMap.2DSideScrollerExampleMap:PersistentLevel' has LevelScriptBlueprint '/Game/2DSideScrollerBP/Maps/2DSideScrollerExampleMap.2DSideScrollerExampleMap:PersistentLevel.2DSideScrollerExampleMap' with GeneratedClass '/Game/2DSideScrollerBP/Maps/2DSideScrollerExampleMap.2DSideScrollerExampleMap_C' with ClassGeneratedBy '/Game/2DSideScrollerBP/Maps/2DSideScrollerExampleMap.2DSideScrollerExampleMap:PersistentLevel.2DSideScrollerExampleMap'
[2019.10.01-14.47.05:605][845]LogUObjectHash: Compacting FUObjectHashTables data took   2.57ms
[2019.10.01-14.47.05:628][847]LogPlayLevel: Display: Destroying online subsystem :Context_6
[2019.10.01-14.47.39:030][739]LogSlate: Window '2DSideScrollerCharacter' being destroyed
[2019.10.01-14.47.39:037][739]LogSlate: Window '2DSideScrollerCharacter' being destroyed
[2019.10.01-14.47.39:038][739]LogWorld: UWorld::CleanupWorld for World_1, bSessionEnded=true, bCleanupResources=true
[2019.10.01-14.47.43:994][310]LogMaterial: Display: Missing cached shader map for material LayerVisMaterial, compiling. 
[2019.10.01-14.47.44:040][310]LogShaderCompilers: Display: Worker (1/3): shaders left to compile 8
[2019.10.01-14.47.44:040][310]LogShaderCompilers: Display: Worker (2/3): shaders left to compile 5
[2019.10.01-14.47.44:040][310]LogShaderCompilers: Display: Worker (3/3): shaders left to compile 2
[2019.10.01-14.47.44:040][310]LogMaterial: Display: Missing cached shader map for material SelectBrushMaterial, compiling. 
[2019.10.01-14.47.44:138][310]LogMaterial: Display: Missing cached shader map for material SelectBrushMaterial, compiling. 
[2019.10.01-14.47.44:235][310]LogMaterial: Display: Missing cached shader map for material MaskBrushMaterial, compiling. 
[2019.10.01-14.47.44:321][310]LogMaterial: Display: Missing cached shader map for material ColorMaskBrushMaterial, compiling. 
[2019.10.01-14.47.44:467][310]LogMaterial: Display: Missing cached shader map for material LandscapeLayerUsageMaterial, compiling. 
[2019.10.01-14.47.44:707][310]LogMaterial: Display: Missing cached shader map for material CircleBrushMaterial, compiling. 
[2019.10.01-14.47.44:736][310]LogMaterial: Display: Missing cached shader map for material CircleBrushMaterial, compiling. 
[2019.10.01-14.47.44:774][310]LogShaderCompilers: Display: Worker (2/3): shaders left to compile 236
[2019.10.01-14.47.44:774][310]LogMaterial: Display: Missing cached shader map for material CircleBrushMaterial, compiling. 
[2019.10.01-14.47.44:807][310]LogMaterial: Display: Missing cached shader map for material CircleBrushMaterial, compiling. 
[2019.10.01-14.47.44:848][310]LogShaderCompilers: Display: Worker (3/3): shaders left to compile 302
[2019.10.01-14.47.44:849][310]LogMaterial: Display: Missing cached shader map for material AlphaBrushMaterial, compiling. 
[2019.10.01-14.47.44:886][310]LogMaterial: Display: Missing cached shader map for material CircleBrushMaterial, compiling. 
[2019.10.01-14.47.44:928][310]LogShaderCompilers: Display: Worker (1/3): shaders left to compile 330
[2019.10.01-14.47.44:928][310]LogMaterial: Display: Missing cached shader map for material MaskBrushMaterial, compiling. 
[2019.10.01-14.47.44:975][310]LogTexture: Display: Building textures: Texture2D_2 (G8, 128X128)
[2019.10.01-14.47.47:349][530]LogActorComponent: UnregisterComponent: (/Engine/Transient.SphereBrushComponent) Not registered. Aborting.
[2019.10.01-14.47.47:650][559]LogShaderCompilers: Display: Worker (1/3): shaders left to compile 396
[2019.10.01-14.47.47:694][564]LogShaderCompilers: Display: Worker (2/3): shaders left to compile 386
[2019.10.01-14.47.50:545][882]LogShaderCompilers: Display: Worker (3/3): shaders left to compile 376
[2019.10.01-14.47.50:787][907]LogShaderCompilers: Display: Worker (2/3): shaders left to compile 366
[2019.10.01-14.47.52:824][133]LogAssetEditorManager: Opening Asset editor for Blueprint /Game/2DSideScrollerBP/Blueprints/2DSideScrollerCharacter.2DSideScrollerCharacter
[2019.10.01-14.47.53:100][133]LogShaderCompilers: Display: Worker (1/3): shaders left to compile 356
[2019.10.01-14.47.53:675][165]LogShaderCompilers: Display: Worker (2/3): shaders left to compile 346
[2019.10.01-14.47.56:274][420]LogShaderCompilers: Display: Worker (3/3): shaders left to compile 336
[2019.10.01-14.47.57:436][526]LogShaderCompilers: Display: Worker (2/3): shaders left to compile 326
[2019.10.01-14.47.58:793][655]LogShaderCompilers: Display: Worker (1/3): shaders left to compile 316
[2019.10.01-14.48.01:754][966]LogShaderCompilers: Display: Worker (3/3): shaders left to compile 306
[2019.10.01-14.48.01:797][970]LogShaderCompilers: Display: Worker (2/3): shaders left to compile 296
[2019.10.01-14.48.03:962][194]LogShaderCompilers: Display: Worker (1/3): shaders left to compile 286
[2019.10.01-14.48.07:104][522]LogShaderCompilers: Display: Worker (2/3): shaders left to compile 276
[2019.10.01-14.48.08:059][621]LogShaderCompilers: Display: Worker (3/3): shaders left to compile 266
[2019.10.01-14.48.10:776][899]LogShaderCompilers: Display: Worker (1/3): shaders left to compile 256
[2019.10.01-14.48.11:669][982]LogShaderCompilers: Display: Worker (3/3): shaders left to compile 246
[2019.10.01-14.48.12:532][ 66]LogShaderCompilers: Display: Worker (2/3): shaders left to compile 236
[2019.10.01-14.48.15:190][321]LogShaderCompilers: Display: Worker (3/3): shaders left to compile 226
[2019.10.01-14.48.17:133][511]LogShaderCompilers: Display: Worker (1/3): shaders left to compile 216
[2019.10.01-14.48.18:537][658]LogShaderCompilers: Display: Worker (3/3): shaders left to compile 206
[2019.10.01-14.48.18:931][700]LogShaderCompilers: Display: Worker (2/3): shaders left to compile 196
[2019.10.01-14.48.22:179][ 44]LogShaderCompilers: Display: Worker (3/3): shaders left to compile 186
[2019.10.01-14.48.23:466][183]LogShaderCompilers: Display: Worker (1/3): shaders left to compile 176
[2019.10.01-14.48.25:213][368]LogShaderCompilers: Display: Worker (2/3): shaders left to compile 166
[2019.10.01-14.48.27:050][563]LogShaderCompilers: Display: Worker (3/3): shaders left to compile 156
[2019.10.01-14.48.30:725][958]LogShaderCompilers: Display: Worker (1/3): shaders left to compile 146
[2019.10.01-14.48.31:183][  7]LogShaderCompilers: Display: Worker (2/3): shaders left to compile 136
[2019.10.01-14.48.32:932][195]LogShaderCompilers: Display: Worker (3/3): shaders left to compile 126
[2019.10.01-14.48.35:585][476]LogHttp: Warning: 0000020B0174AD40: invalid HTTP response code received. URL: https://datarouter.ol.epicgames.com/datarouter/api/v1/public/data?SessionID=%7B0FC17296-49C6-7346-A9C8-6EAFC6A96092%7D&AppID=UEEditor.Rocket.Release&AppVersion=4.23.0-8386587%2B%2B%2BUE4%2BRelease-4.23&UserID=637ff8b74296ab414d67d4a097a00204%7C68b8c4d6812c44a5aafd0201d5a771fb%7Ccdaf2424-c78a-4cf0-b6cc-a5f78bd3d101&AppEnvironment=datacollector-binary&UploadType=eteventstream, HTTP code: 0, content length: -1, actual payload size: 0
[2019.10.01-14.48.35:585][476]LogHttp: Warning: 0000020B0174AD40: request failed, libcurl error: 0 (No error)
[2019.10.01-14.48.35:585][476]LogHttp: Warning: 0000020B0174AD40: libcurl info message cache 0 (Found bundle for host datarouter.ol.epicgames.com: 0x20a9efd7f70 [can pipeline])
[2019.10.01-14.48.35:586][476]LogHttp: Warning: 0000020B0174AD40: libcurl info message cache 1 (Re-using existing connection! (#0) with host datarouter.ol.epicgames.com)
[2019.10.01-14.48.35:586][476]LogHttp: Warning: 0000020B0174AD40: libcurl info message cache 2 (Connected to datarouter.ol.epicgames.com (34.199.243.108) port 443 (#0))
[2019.10.01-14.48.35:586][476]LogHttp: Warning: 0000020B0174AD40: libcurl info message cache 3 (We are completely uploaded and fine)
[2019.10.01-14.48.35:586][476]LogHttp: Warning: 0000020B0174AD40: libcurl info message cache 4 (TLSv1.2 (IN), TLS alert, Client hello (1):)
[2019.10.01-14.48.35:586][476]LogHttp: Warning: 0000020B0174AD40: libcurl info message cache 5 (Connection died, retrying a fresh connect)
[2019.10.01-14.48.35:586][476]LogHttp: Warning: 0000020B0174AD40: libcurl info message cache 6 (necessary data rewind wasn't possible)
[2019.10.01-14.48.35:586][476]LogHttp: Warning: 0000020B0174AD40: libcurl info message cache 7 (Closing connection 0)
[2019.10.01-14.48.35:586][476]LogHttp: Warning: 0000020B0174AD40: libcurl info message cache 8 (TLSv1.2 (OUT), TLS alert, Client hello (1):)
[2019.10.01-14.48.35:586][476]LogHttp: Warning: Retry exhausted on https://datarouter.ol.epicgames.com/datarouter/api/v1/public/data?SessionID=%7B0FC17296-49C6-7346-A9C8-6EAFC6A96092%7D&AppID=UEEditor.Rocket.Release&AppVersion=4.23.0-8386587%2B%2B%2BUE4%2BRelease-4.23&UserID=637ff8b74296ab414d67d4a097a00204%7C68b8c4d6812c44a5aafd0201d5a771fb%7Ccdaf2424-c78a-4cf0-b6cc-a5f78bd3d101&AppEnvironment=datacollector-binary&UploadType=eteventstream
[2019.10.01-14.48.37:276][657]LogShaderCompilers: Display: Worker (2/3): shaders left to compile 116
[2019.10.01-14.48.37:332][663]LogShaderCompilers: Display: Worker (1/3): shaders left to compile 106
[2019.10.01-14.48.40:569][  3]LogShaderCompilers: Display: Worker (3/3): shaders left to compile 96
[2019.10.01-14.48.42:141][164]LogShaderCompilers: Display: Worker (2/3): shaders left to compile 86
[2019.10.01-14.48.44:168][327]LogShaderCompilers: Display: Worker (3/3): shaders left to compile 76
[2019.10.01-14.48.44:718][383]LogShaderCompilers: Display: Worker (1/3): shaders left to compile 66
[2019.10.01-14.48.48:900][815]LogShaderCompilers: Display: Worker (3/3): shaders left to compile 56
[2019.10.01-14.48.50:181][950]LogShaderCompilers: Display: Worker (2/3): shaders left to compile 46
[2019.10.01-14.48.54:013][356]LogShaderCompilers: Display: Worker (1/3): shaders left to compile 36
[2019.10.01-14.48.54:040][359]LogShaderCompilers: Display: Worker (3/3): shaders left to compile 26
[2019.10.01-14.48.58:336][798]LogShaderCompilers: Display: Worker (1/3): shaders left to compile 17
[2019.10.01-14.48.59:437][915]LogShaderCompilers: Display: Worker (2/3): shaders left to compile 11
[2019.10.01-14.49.01:066][ 91]LogShaderCompilers: Display: Worker (1/3): shaders left to compile 7
[2019.10.01-14.49.01:094][ 94]LogShaderCompilers: Display: Worker (2/3): shaders left to compile 4
[2019.10.01-14.49.02:368][231]LogShaderCompilers: Display: Worker (3/3): shaders left to compile 2
[2019.10.01-14.49.03:217][323]LogShaderCompilers: Display: Worker (2/3): shaders left to compile 1
[2019.10.01-14.49.32:248][588]BlueprintLog: New page: Compile 2DSideScrollerCharacter
[2019.10.01-14.49.32:793][588]LogUObjectHash: Compacting FUObjectHashTables data took   3.55ms
[2019.10.01-14.49.33:499][651]LogSavePackage: Moving 'C:/Users/Owner/Documents/GitHub/2D-Side-Scroller/gamefile/CharsProject/Saved/2DSideScrollerCharacter46518496498D232ABBDF63BEE829C3E5.tmp' to 'C:/Users/Owner/Documents/GitHub/2D-Side-Scroller/gamefile/CharsProject/Content/2DSideScrollerBP/Blueprints/2DSideScrollerCharacter.uasset'
[2019.10.01-14.49.34:355][736]LogSlate: Window '2DSideScrollerCharacter' being destroyed
[2019.10.01-14.49.34:358][736]LogSlate: Window '2DSideScrollerCharacter' being destroyed
[2019.10.01-14.49.34:359][736]LogWorld: UWorld::CleanupWorld for World_2, bSessionEnded=true, bCleanupResources=true
[2019.10.01-14.49.38:286][194]LogUObjectHash: Compacting FUObjectHashTables data took   3.36ms
[2019.10.01-14.49.38:337][194]LogUObjectHash: Compacting FUObjectHashTables data took   0.76ms
[2019.10.01-14.49.38:513][194]LogSavePackage: Moving 'C:/Users/Owner/Documents/GitHub/2D-Side-Scroller/gamefile/CharsProject/Saved/2DSideScrollerExampleMap406DC8EA42D22B21E54A0BB8507CA4D0.tmp' to 'C:/Users/Owner/Documents/GitHub/2D-Side-Scroller/gamefile/CharsProject/Content/2DSideScrollerBP/Maps/2DSideScrollerExampleMap.umap'
[2019.10.01-14.49.38:546][194]LogFileHelpers: Saving map '2DSideScrollerExampleMap' took 0.246
[2019.10.01-14.49.38:565][194]LogSavePackage: Moving 'C:/Users/Owner/Documents/GitHub/2D-Side-Scroller/gamefile/CharsProject/Saved/344276__nsstudios__laser3AC353DA244D3EB18D23ECEA703DC5009.tmp' to 'C:/Users/Owner/Documents/GitHub/2D-Side-Scroller/gamefile/CharsProject/Content/2DSideScrollerBP/Sound/344276__nsstudios__laser3.uasset'
